{"C:\\Users\\Aaron Sequeira\\Roneira-AI-HIFI\\frontend\\src\\components\\analysis\\TechnicalAnalysisDashboard.tsx": {"path":"C:\\Users\\Aaron Sequeira\\Roneira-AI-HIFI\\frontend\\src\\components\\analysis\\TechnicalAnalysisDashboard.tsx","statementMap":{"0":{"start":{"line":6,"column":21},"end":{"line":22,"column":null}},"1":{"start":{"line":7,"column":22},"end":{"line":7,"column":null}},"2":{"start":{"line":8,"column":15},"end":{"line":8,"column":null}},"3":{"start":{"line":9,"column":14},"end":{"line":9,"column":null}},"4":{"start":{"line":10,"column":2},"end":{"line":20,"column":null}},"5":{"start":{"line":10,"column":15},"end":{"line":10,"column":18}},"6":{"start":{"line":11,"column":4},"end":{"line":11,"column":null}},"7":{"start":{"line":12,"column":17},"end":{"line":12,"column":null}},"8":{"start":{"line":13,"column":4},"end":{"line":19,"column":null}},"9":{"start":{"line":21,"column":2},"end":{"line":21,"column":null}},"10":{"start":{"line":28,"column":85},"end":{"line":108,"column":null}},"11":{"start":{"line":29,"column":8},"end":{"line":29,"column":null}},"12":{"start":{"line":31,"column":2},"end":{"line":70,"column":null}},"13":{"start":{"line":32,"column":4},"end":{"line":32,"column":null}},"14":{"start":{"line":32,"column":36},"end":{"line":32,"column":null}},"15":{"start":{"line":34,"column":10},"end":{"line":45,"column":null}},"16":{"start":{"line":47,"column":30},"end":{"line":53,"column":null}},"17":{"start":{"line":55,"column":17},"end":{"line":55,"column":null}},"18":{"start":{"line":56,"column":4},"end":{"line":56,"column":null}},"19":{"start":{"line":58,"column":25},"end":{"line":62,"column":null}},"20":{"start":{"line":59,"column":6},"end":{"line":61,"column":null}},"21":{"start":{"line":60,"column":8},"end":{"line":60,"column":null}},"22":{"start":{"line":64,"column":4},"end":{"line":64,"column":null}},"23":{"start":{"line":66,"column":4},"end":{"line":69,"column":null}},"24":{"start":{"line":67,"column":6},"end":{"line":67,"column":null}},"25":{"start":{"line":68,"column":6},"end":{"line":68,"column":null}},"26":{"start":{"line":72,"column":2},"end":{"line":106,"column":null}},"27":{"start":{"line":80,"column":12},"end":{"line":82,"column":null}}},"fnMap":{"0":{"name":"(anonymous_0)","decl":{"start":{"line":6,"column":21},"end":{"line":6,"column":27}},"loc":{"start":{"line":6,"column":27},"end":{"line":22,"column":null}},"line":6},"1":{"name":"(anonymous_1)","decl":{"start":{"line":28,"column":85},"end":{"line":28,"column":86}},"loc":{"start":{"line":28,"column":109},"end":{"line":108,"column":null}},"line":28},"2":{"name":"(anonymous_2)","decl":{"start":{"line":31,"column":12},"end":{"line":31,"column":18}},"loc":{"start":{"line":31,"column":18},"end":{"line":70,"column":5}},"line":31},"3":{"name":"(anonymous_3)","decl":{"start":{"line":58,"column":25},"end":{"line":58,"column":31}},"loc":{"start":{"line":58,"column":31},"end":{"line":62,"column":null}},"line":58},"4":{"name":"(anonymous_4)","decl":{"start":{"line":66,"column":11},"end":{"line":66,"column":17}},"loc":{"start":{"line":66,"column":17},"end":{"line":69,"column":null}},"line":66},"5":{"name":"(anonymous_5)","decl":{"start":{"line":79,"column":46},"end":{"line":79,"column":47}},"loc":{"start":{"line":80,"column":12},"end":{"line":82,"column":null}},"line":80}},"branchMap":{"0":{"loc":{"start":{"line":32,"column":4},"end":{"line":32,"column":null}},"type":"if","locations":[{"start":{"line":32,"column":4},"end":{"line":32,"column":null}},{"start":{},"end":{}}],"line":32},"1":{"loc":{"start":{"line":59,"column":6},"end":{"line":61,"column":null}},"type":"if","locations":[{"start":{"line":59,"column":6},"end":{"line":61,"column":null}},{"start":{},"end":{}}],"line":59},"2":{"loc":{"start":{"line":76,"column":63},"end":{"line":76,"column":90}},"type":"binary-expr","locations":[{"start":{"line":76,"column":63},"end":{"line":76,"column":81}},{"start":{"line":76,"column":81},"end":{"line":76,"column":90}}],"line":76}},"s":{"0":1,"1":0,"2":0,"3":0,"4":0,"5":0,"6":0,"7":0,"8":0,"9":0,"10":1,"11":0,"12":0,"13":0,"14":0,"15":0,"16":0,"17":0,"18":0,"19":0,"20":0,"21":0,"22":0,"23":0,"24":0,"25":0,"26":0,"27":0},"f":{"0":0,"1":0,"2":0,"3":0,"4":0,"5":0},"b":{"0":[0,0],"1":[0,0],"2":[0,0]},"meta":{"lastBranch":3,"lastFunction":6,"lastStatement":28,"seen":{"s:6:21:22:Infinity":0,"f:6:21:6:27":0,"s:7:22:7:Infinity":1,"s:8:15:8:Infinity":2,"s:9:14:9:Infinity":3,"s:10:2:20:Infinity":4,"s:10:15:10:18":5,"s:11:4:11:Infinity":6,"s:12:17:12:Infinity":7,"s:13:4:19:Infinity":8,"s:21:2:21:Infinity":9,"s:28:85:108:Infinity":10,"f:28:85:28:86":1,"s:29:8:29:Infinity":11,"s:31:2:70:Infinity":12,"f:31:12:31:18":2,"b:32:4:32:Infinity:undefined:undefined:undefined:undefined":0,"s:32:4:32:Infinity":13,"s:32:36:32:Infinity":14,"s:34:10:45:Infinity":15,"s:47:30:53:Infinity":16,"s:55:17:55:Infinity":17,"s:56:4:56:Infinity":18,"s:58:25:62:Infinity":19,"f:58:25:58:31":3,"b:59:6:61:Infinity:undefined:undefined:undefined:undefined":1,"s:59:6:61:Infinity":20,"s:60:8:60:Infinity":21,"s:64:4:64:Infinity":22,"s:66:4:69:Infinity":23,"f:66:11:66:17":4,"s:67:6:67:Infinity":24,"s:68:6:68:Infinity":25,"s:72:2:106:Infinity":26,"b:76:63:76:81:76:81:76:90":2,"f:79:46:79:47":5,"s:80:12:82:Infinity":27}}}
,"C:\\Users\\Aaron Sequeira\\Roneira-AI-HIFI\\frontend\\src\\components\\navigation\\NavigationHeader.tsx": {"path":"C:\\Users\\Aaron Sequeira\\Roneira-AI-HIFI\\frontend\\src\\components\\navigation\\NavigationHeader.tsx","statementMap":{"0":{"start":{"line":36,"column":40},"end":{"line":73,"column":null}},"1":{"start":{"line":77,"column":65},"end":{"line":198,"column":null}},"2":{"start":{"line":82,"column":46},"end":{"line":82,"column":null}},"3":{"start":{"line":84,"column":31},"end":{"line":98,"column":null}},"4":{"start":{"line":86,"column":4},"end":{"line":86,"column":null}},"5":{"start":{"line":86,"column":29},"end":{"line":86,"column":null}},"6":{"start":{"line":88,"column":4},"end":{"line":97,"column":null}},"7":{"start":{"line":90,"column":8},"end":{"line":90,"column":null}},"8":{"start":{"line":92,"column":8},"end":{"line":92,"column":null}},"9":{"start":{"line":94,"column":8},"end":{"line":94,"column":null}},"10":{"start":{"line":96,"column":8},"end":{"line":96,"column":null}},"11":{"start":{"line":100,"column":2},"end":{"line":196,"column":null}},"12":{"start":{"line":125,"column":16},"end":{"line":142,"column":null}},"13":{"start":{"line":127,"column":33},"end":{"line":127,"column":null}},"14":{"start":{"line":160,"column":31},"end":{"line":160,"column":null}},"15":{"start":{"line":173,"column":16},"end":{"line":188,"column":null}},"16":{"start":{"line":175,"column":33},"end":{"line":175,"column":null}},"17":{"start":{"line":195,"column":60},"end":{"line":195,"column":86}}},"fnMap":{"0":{"name":"(anonymous_0)","decl":{"start":{"line":77,"column":65},"end":{"line":77,"column":66}},"loc":{"start":{"line":81,"column":6},"end":{"line":198,"column":null}},"line":81},"1":{"name":"(anonymous_1)","decl":{"start":{"line":84,"column":31},"end":{"line":84,"column":37}},"loc":{"start":{"line":84,"column":37},"end":{"line":98,"column":null}},"line":84},"2":{"name":"(anonymous_2)","decl":{"start":{"line":124,"column":34},"end":{"line":124,"column":35}},"loc":{"start":{"line":125,"column":16},"end":{"line":142,"column":null}},"line":125},"3":{"name":"(anonymous_3)","decl":{"start":{"line":127,"column":27},"end":{"line":127,"column":33}},"loc":{"start":{"line":127,"column":33},"end":{"line":127,"column":null}},"line":127},"4":{"name":"(anonymous_4)","decl":{"start":{"line":160,"column":25},"end":{"line":160,"column":31}},"loc":{"start":{"line":160,"column":31},"end":{"line":160,"column":null}},"line":160},"5":{"name":"(anonymous_5)","decl":{"start":{"line":172,"column":34},"end":{"line":172,"column":35}},"loc":{"start":{"line":173,"column":16},"end":{"line":188,"column":null}},"line":173},"6":{"name":"(anonymous_6)","decl":{"start":{"line":175,"column":27},"end":{"line":175,"column":33}},"loc":{"start":{"line":175,"column":33},"end":{"line":175,"column":null}},"line":175},"7":{"name":"(anonymous_7)","decl":{"start":{"line":195,"column":54},"end":{"line":195,"column":60}},"loc":{"start":{"line":195,"column":60},"end":{"line":195,"column":86}},"line":195}},"branchMap":{"0":{"loc":{"start":{"line":86,"column":4},"end":{"line":86,"column":null}},"type":"if","locations":[{"start":{"line":86,"column":4},"end":{"line":86,"column":null}},{"start":{},"end":{}}],"line":86},"1":{"loc":{"start":{"line":88,"column":4},"end":{"line":97,"column":null}},"type":"switch","locations":[{"start":{"line":89,"column":6},"end":{"line":90,"column":null}},{"start":{"line":91,"column":6},"end":{"line":92,"column":null}},{"start":{"line":93,"column":6},"end":{"line":94,"column":null}},{"start":{"line":95,"column":6},"end":{"line":96,"column":null}}],"line":88},"2":{"loc":{"start":{"line":130,"column":20},"end":{"line":132,"column":null}},"type":"cond-expr","locations":[{"start":{"line":131,"column":24},"end":{"line":131,"column":null}},{"start":{"line":132,"column":24},"end":{"line":132,"column":null}}],"line":130},"3":{"loc":{"start":{"line":138,"column":35},"end":{"line":138,"column":null}},"type":"cond-expr","locations":[{"start":{"line":138,"column":58},"end":{"line":138,"column":76}},{"start":{"line":138,"column":76},"end":{"line":138,"column":null}}],"line":138},"4":{"loc":{"start":{"line":154,"column":19},"end":{"line":154,"column":null}},"type":"binary-expr","locations":[{"start":{"line":154,"column":19},"end":{"line":154,"column":57}},{"start":{"line":154,"column":57},"end":{"line":154,"column":null}}],"line":154},"5":{"loc":{"start":{"line":178,"column":20},"end":{"line":180,"column":null}},"type":"cond-expr","locations":[{"start":{"line":179,"column":24},"end":{"line":179,"column":null}},{"start":{"line":180,"column":24},"end":{"line":180,"column":null}}],"line":178},"6":{"loc":{"start":{"line":184,"column":34},"end":{"line":184,"column":null}},"type":"cond-expr","locations":[{"start":{"line":184,"column":57},"end":{"line":184,"column":75}},{"start":{"line":184,"column":75},"end":{"line":184,"column":null}}],"line":184}},"s":{"0":1,"1":1,"2":4,"3":4,"4":4,"5":2,"6":2,"7":2,"8":0,"9":0,"10":0,"11":4,"12":24,"13":0,"14":0,"15":24,"16":0,"17":0},"f":{"0":4,"1":4,"2":24,"3":0,"4":0,"5":24,"6":0,"7":0},"b":{"0":[2,2],"1":[2,0,0,0],"2":[4,20],"3":[4,20],"4":[4,2],"5":[4,20],"6":[4,20]},"meta":{"lastBranch":7,"lastFunction":8,"lastStatement":18,"seen":{"s:36:40:73:Infinity":0,"s:77:65:198:Infinity":1,"f:77:65:77:66":0,"s:82:46:82:Infinity":2,"s:84:31:98:Infinity":3,"f:84:31:84:37":1,"b:86:4:86:Infinity:undefined:undefined:undefined:undefined":0,"s:86:4:86:Infinity":4,"s:86:29:86:Infinity":5,"b:89:6:90:Infinity:91:6:92:Infinity:93:6:94:Infinity:95:6:96:Infinity":1,"s:88:4:97:Infinity":6,"s:90:8:90:Infinity":7,"s:92:8:92:Infinity":8,"s:94:8:94:Infinity":9,"s:96:8:96:Infinity":10,"s:100:2:196:Infinity":11,"f:124:34:124:35":2,"s:125:16:142:Infinity":12,"f:127:27:127:33":3,"s:127:33:127:Infinity":13,"b:131:24:131:Infinity:132:24:132:Infinity":2,"b:138:58:138:76:138:76:138:Infinity":3,"b:154:19:154:57:154:57:154:Infinity":4,"f:160:25:160:31":4,"s:160:31:160:Infinity":14,"f:172:34:172:35":5,"s:173:16:188:Infinity":15,"f:175:27:175:33":6,"s:175:33:175:Infinity":16,"b:179:24:179:Infinity:180:24:180:Infinity":5,"b:184:57:184:75:184:75:184:Infinity":6,"f:195:54:195:60":7,"s:195:60:195:86":17}}}
,"C:\\Users\\Aaron Sequeira\\Roneira-AI-HIFI\\frontend\\src\\components\\news\\NewsDashboard.tsx": {"path":"C:\\Users\\Aaron Sequeira\\Roneira-AI-HIFI\\frontend\\src\\components\\news\\NewsDashboard.tsx","statementMap":{"0":{"start":{"line":25,"column":39},"end":{"line":99,"column":null}},"1":{"start":{"line":26,"column":41},"end":{"line":30,"column":null}},"2":{"start":{"line":32,"column":4},"end":{"line":39,"column":null}},"3":{"start":{"line":33,"column":8},"end":{"line":37,"column":null}},"4":{"start":{"line":41,"column":4},"end":{"line":47,"column":null}},"5":{"start":{"line":42,"column":8},"end":{"line":45,"column":null}},"6":{"start":{"line":49,"column":4},"end":{"line":97,"column":null}},"7":{"start":{"line":59,"column":24},"end":{"line":89,"column":null}}},"fnMap":{"0":{"name":"(anonymous_0)","decl":{"start":{"line":25,"column":39},"end":{"line":25,"column":45}},"loc":{"start":{"line":25,"column":45},"end":{"line":99,"column":null}},"line":25},"1":{"name":"(anonymous_1)","decl":{"start":{"line":58,"column":29},"end":{"line":58,"column":30}},"loc":{"start":{"line":59,"column":24},"end":{"line":89,"column":null}},"line":59}},"branchMap":{"0":{"loc":{"start":{"line":32,"column":4},"end":{"line":39,"column":null}},"type":"if","locations":[{"start":{"line":32,"column":4},"end":{"line":39,"column":null}},{"start":{},"end":{}}],"line":32},"1":{"loc":{"start":{"line":41,"column":4},"end":{"line":47,"column":null}},"type":"if","locations":[{"start":{"line":41,"column":4},"end":{"line":47,"column":null}},{"start":{},"end":{}}],"line":41},"2":{"loc":{"start":{"line":57,"column":17},"end":{"line":94,"column":null}},"type":"cond-expr","locations":[{"start":{"line":58,"column":20},"end":{"line":90,"column":null}},{"start":{"line":92,"column":20},"end":{"line":94,"column":null}}],"line":57},"3":{"loc":{"start":{"line":57,"column":17},"end":{"line":57,"column":null}},"type":"binary-expr","locations":[{"start":{"line":57,"column":17},"end":{"line":57,"column":25}},{"start":{"line":57,"column":25},"end":{"line":57,"column":null}}],"line":57},"4":{"loc":{"start":{"line":64,"column":90},"end":{"line":66,"column":null}},"type":"cond-expr","locations":[{"start":{"line":64,"column":122},"end":{"line":64,"column":null}},{"start":{"line":65,"column":36},"end":{"line":66,"column":null}}],"line":64},"5":{"loc":{"start":{"line":65,"column":36},"end":{"line":66,"column":null}},"type":"cond-expr","locations":[{"start":{"line":65,"column":68},"end":{"line":65,"column":null}},{"start":{"line":66,"column":40},"end":{"line":66,"column":null}}],"line":65}},"s":{"0":1,"1":0,"2":0,"3":0,"4":0,"5":0,"6":0,"7":0},"f":{"0":0,"1":0},"b":{"0":[0,0],"1":[0,0],"2":[0,0],"3":[0,0],"4":[0,0],"5":[0,0]},"meta":{"lastBranch":6,"lastFunction":2,"lastStatement":8,"seen":{"s:25:39:99:Infinity":0,"f:25:39:25:45":0,"s:26:41:30:Infinity":1,"b:32:4:39:Infinity:undefined:undefined:undefined:undefined":0,"s:32:4:39:Infinity":2,"s:33:8:37:Infinity":3,"b:41:4:47:Infinity:undefined:undefined:undefined:undefined":1,"s:41:4:47:Infinity":4,"s:42:8:45:Infinity":5,"s:49:4:97:Infinity":6,"b:58:20:90:Infinity:92:20:94:Infinity":2,"b:57:17:57:25:57:25:57:Infinity":3,"f:58:29:58:30":1,"s:59:24:89:Infinity":7,"b:64:122:64:Infinity:65:36:66:Infinity":4,"b:65:68:65:Infinity:66:40:66:Infinity":5}}}
,"C:\\Users\\Aaron Sequeira\\Roneira-AI-HIFI\\frontend\\src\\components\\overview\\MarketOverviewDashboard.tsx": {"path":"C:\\Users\\Aaron Sequeira\\Roneira-AI-HIFI\\frontend\\src\\components\\overview\\MarketOverviewDashboard.tsx","statementMap":{"0":{"start":{"line":34,"column":49},"end":{"line":275,"column":null}},"1":{"start":{"line":35,"column":45},"end":{"line":39,"column":null}},"2":{"start":{"line":42,"column":2},"end":{"line":49,"column":null}},"3":{"start":{"line":43,"column":4},"end":{"line":47,"column":null}},"4":{"start":{"line":52,"column":2},"end":{"line":69,"column":null}},"5":{"start":{"line":53,"column":4},"end":{"line":67,"column":null}},"6":{"start":{"line":62,"column":25},"end":{"line":62,"column":null}},"7":{"start":{"line":72,"column":2},"end":{"line":78,"column":null}},"8":{"start":{"line":73,"column":4},"end":{"line":76,"column":null}},"9":{"start":{"line":81,"column":22},"end":{"line":87,"column":null}},"10":{"start":{"line":82,"column":4},"end":{"line":86,"column":null}},"11":{"start":{"line":89,"column":24},"end":{"line":91,"column":null}},"12":{"start":{"line":90,"column":4},"end":{"line":90,"column":null}},"13":{"start":{"line":93,"column":2},"end":{"line":273,"column":null}},"14":{"start":{"line":141,"column":12},"end":{"line":165,"column":null}},"15":{"start":{"line":180,"column":14},"end":{"line":222,"column":null}},"16":{"start":{"line":242,"column":34},"end":{"line":242,"column":null}},"17":{"start":{"line":257,"column":57},"end":{"line":257,"column":69}},"18":{"start":{"line":268,"column":57},"end":{"line":268,"column":69}}},"fnMap":{"0":{"name":"(anonymous_0)","decl":{"start":{"line":34,"column":49},"end":{"line":34,"column":55}},"loc":{"start":{"line":34,"column":55},"end":{"line":275,"column":null}},"line":34},"1":{"name":"(anonymous_1)","decl":{"start":{"line":62,"column":19},"end":{"line":62,"column":25}},"loc":{"start":{"line":62,"column":25},"end":{"line":62,"column":null}},"line":62},"2":{"name":"(anonymous_2)","decl":{"start":{"line":81,"column":22},"end":{"line":81,"column":23}},"loc":{"start":{"line":81,"column":41},"end":{"line":87,"column":null}},"line":81},"3":{"name":"(anonymous_3)","decl":{"start":{"line":89,"column":24},"end":{"line":89,"column":25}},"loc":{"start":{"line":89,"column":45},"end":{"line":91,"column":null}},"line":89},"4":{"name":"(anonymous_4)","decl":{"start":{"line":140,"column":34},"end":{"line":140,"column":35}},"loc":{"start":{"line":141,"column":12},"end":{"line":165,"column":null}},"line":141},"5":{"name":"(anonymous_5)","decl":{"start":{"line":179,"column":44},"end":{"line":179,"column":45}},"loc":{"start":{"line":180,"column":14},"end":{"line":222,"column":null}},"line":180},"6":{"name":"(anonymous_6)","decl":{"start":{"line":242,"column":18},"end":{"line":242,"column":19}},"loc":{"start":{"line":242,"column":34},"end":{"line":242,"column":null}},"line":242},"7":{"name":"(anonymous_7)","decl":{"start":{"line":257,"column":50},"end":{"line":257,"column":51}},"loc":{"start":{"line":257,"column":57},"end":{"line":257,"column":69}},"line":257},"8":{"name":"(anonymous_8)","decl":{"start":{"line":268,"column":50},"end":{"line":268,"column":51}},"loc":{"start":{"line":268,"column":57},"end":{"line":268,"column":69}},"line":268}},"branchMap":{"0":{"loc":{"start":{"line":42,"column":2},"end":{"line":49,"column":null}},"type":"if","locations":[{"start":{"line":42,"column":2},"end":{"line":49,"column":null}},{"start":{},"end":{}}],"line":42},"1":{"loc":{"start":{"line":52,"column":2},"end":{"line":69,"column":null}},"type":"if","locations":[{"start":{"line":52,"column":2},"end":{"line":69,"column":null}},{"start":{},"end":{}}],"line":52},"2":{"loc":{"start":{"line":72,"column":2},"end":{"line":78,"column":null}},"type":"if","locations":[{"start":{"line":72,"column":2},"end":{"line":78,"column":null}},{"start":{},"end":{}}],"line":72},"3":{"loc":{"start":{"line":90,"column":14},"end":{"line":90,"column":36}},"type":"cond-expr","locations":[{"start":{"line":90,"column":28},"end":{"line":90,"column":34}},{"start":{"line":90,"column":34},"end":{"line":90,"column":36}}],"line":90},"4":{"loc":{"start":{"line":103,"column":9},"end":{"line":106,"column":null}},"type":"binary-expr","locations":[{"start":{"line":103,"column":9},"end":{"line":103,"column":null}},{"start":{"line":104,"column":10},"end":{"line":106,"column":null}}],"line":103},"5":{"loc":{"start":{"line":111,"column":7},"end":{"line":134,"column":null}},"type":"binary-expr","locations":[{"start":{"line":111,"column":7},"end":{"line":111,"column":null}},{"start":{"line":112,"column":8},"end":{"line":134,"column":null}}],"line":111},"6":{"loc":{"start":{"line":138,"column":7},"end":{"line":167,"column":null}},"type":"binary-expr","locations":[{"start":{"line":138,"column":7},"end":{"line":138,"column":29}},{"start":{"line":138,"column":29},"end":{"line":138,"column":null}},{"start":{"line":139,"column":8},"end":{"line":167,"column":null}}],"line":138},"7":{"loc":{"start":{"line":149,"column":17},"end":{"line":152,"column":null}},"type":"cond-expr","locations":[{"start":{"line":150,"column":18},"end":{"line":150,"column":null}},{"start":{"line":152,"column":18},"end":{"line":152,"column":null}}],"line":149},"8":{"loc":{"start":{"line":159,"column":50},"end":{"line":159,"column":null}},"type":"cond-expr","locations":[{"start":{"line":159,"column":70},"end":{"line":159,"column":89}},{"start":{"line":159,"column":89},"end":{"line":159,"column":null}}],"line":159},"9":{"loc":{"start":{"line":162,"column":55},"end":{"line":162,"column":null}},"type":"cond-expr","locations":[{"start":{"line":162,"column":74},"end":{"line":162,"column":80}},{"start":{"line":162,"column":80},"end":{"line":162,"column":null}}],"line":162},"10":{"loc":{"start":{"line":177,"column":9},"end":{"line":228,"column":null}},"type":"cond-expr","locations":[{"start":{"line":178,"column":10},"end":{"line":224,"column":null}},{"start":{"line":226,"column":10},"end":{"line":228,"column":null}}],"line":177},"11":{"loc":{"start":{"line":177,"column":9},"end":{"line":177,"column":null}},"type":"binary-expr","locations":[{"start":{"line":177,"column":9},"end":{"line":177,"column":39}},{"start":{"line":177,"column":39},"end":{"line":177,"column":null}}],"line":177},"12":{"loc":{"start":{"line":193,"column":19},"end":{"line":196,"column":null}},"type":"cond-expr","locations":[{"start":{"line":194,"column":20},"end":{"line":194,"column":null}},{"start":{"line":196,"column":20},"end":{"line":196,"column":null}}],"line":193},"13":{"loc":{"start":{"line":206,"column":56},"end":{"line":206,"column":null}},"type":"cond-expr","locations":[{"start":{"line":206,"column":76},"end":{"line":206,"column":95}},{"start":{"line":206,"column":95},"end":{"line":206,"column":null}}],"line":206},"14":{"loc":{"start":{"line":214,"column":21},"end":{"line":215,"column":null}},"type":"binary-expr","locations":[{"start":{"line":214,"column":21},"end":{"line":214,"column":null}},{"start":{"line":215,"column":22},"end":{"line":215,"column":null}}],"line":214},"15":{"loc":{"start":{"line":217,"column":21},"end":{"line":218,"column":null}},"type":"binary-expr","locations":[{"start":{"line":217,"column":21},"end":{"line":217,"column":null}},{"start":{"line":218,"column":22},"end":{"line":218,"column":null}}],"line":217},"16":{"loc":{"start":{"line":239,"column":13},"end":{"line":246,"column":23}},"type":"cond-expr","locations":[{"start":{"line":239,"column":24},"end":{"line":245,"column":null}},{"start":{"line":246,"column":16},"end":{"line":246,"column":23}}],"line":239},"17":{"loc":{"start":{"line":242,"column":41},"end":{"line":242,"column":null}},"type":"binary-expr","locations":[{"start":{"line":242,"column":41},"end":{"line":242,"column":57}},{"start":{"line":242,"column":57},"end":{"line":242,"column":null}}],"line":242},"18":{"loc":{"start":{"line":256,"column":13},"end":{"line":258,"column":null}},"type":"cond-expr","locations":[{"start":{"line":257,"column":16},"end":{"line":257,"column":null}},{"start":{"line":258,"column":16},"end":{"line":258,"column":null}}],"line":256},"19":{"loc":{"start":{"line":267,"column":13},"end":{"line":269,"column":null}},"type":"cond-expr","locations":[{"start":{"line":268,"column":16},"end":{"line":268,"column":null}},{"start":{"line":269,"column":16},"end":{"line":269,"column":null}}],"line":267}},"s":{"0":1,"1":3,"2":3,"3":2,"4":1,"5":0,"6":0,"7":1,"8":0,"9":1,"10":0,"11":1,"12":0,"13":1,"14":0,"15":0,"16":0,"17":0,"18":0},"f":{"0":3,"1":0,"2":0,"3":0,"4":0,"5":0,"6":0,"7":0,"8":0},"b":{"0":[2,1],"1":[0,1],"2":[0,1],"3":[0,0],"4":[1,1],"5":[3,1],"6":[3,1,0],"7":[0,0],"8":[0,0],"9":[0,0],"10":[0,1],"11":[3,1],"12":[0,0],"13":[0,0],"14":[0,0],"15":[0,0],"16":[1,0],"17":[0,0],"18":[1,0],"19":[1,0]},"meta":{"lastBranch":20,"lastFunction":9,"lastStatement":19,"seen":{"s:34:49:275:Infinity":0,"f:34:49:34:55":0,"s:35:45:39:Infinity":1,"b:42:2:49:Infinity:undefined:undefined:undefined:undefined":0,"s:42:2:49:Infinity":2,"s:43:4:47:Infinity":3,"b:52:2:69:Infinity:undefined:undefined:undefined:undefined":1,"s:52:2:69:Infinity":4,"s:53:4:67:Infinity":5,"f:62:19:62:25":1,"s:62:25:62:Infinity":6,"b:72:2:78:Infinity:undefined:undefined:undefined:undefined":2,"s:72:2:78:Infinity":7,"s:73:4:76:Infinity":8,"s:81:22:87:Infinity":9,"f:81:22:81:23":2,"s:82:4:86:Infinity":10,"s:89:24:91:Infinity":11,"f:89:24:89:25":3,"s:90:4:90:Infinity":12,"b:90:28:90:34:90:34:90:36":3,"s:93:2:273:Infinity":13,"b:103:9:103:Infinity:104:10:106:Infinity":4,"b:111:7:111:Infinity:112:8:134:Infinity":5,"b:138:7:138:29:138:29:138:Infinity:139:8:167:Infinity":6,"f:140:34:140:35":4,"s:141:12:165:Infinity":14,"b:150:18:150:Infinity:152:18:152:Infinity":7,"b:159:70:159:89:159:89:159:Infinity":8,"b:162:74:162:80:162:80:162:Infinity":9,"b:178:10:224:Infinity:226:10:228:Infinity":10,"b:177:9:177:39:177:39:177:Infinity":11,"f:179:44:179:45":5,"s:180:14:222:Infinity":15,"b:194:20:194:Infinity:196:20:196:Infinity":12,"b:206:76:206:95:206:95:206:Infinity":13,"b:214:21:214:Infinity:215:22:215:Infinity":14,"b:217:21:217:Infinity:218:22:218:Infinity":15,"b:239:24:245:Infinity:246:16:246:23":16,"f:242:18:242:19":6,"s:242:34:242:Infinity":16,"b:242:41:242:57:242:57:242:Infinity":17,"b:257:16:257:Infinity:258:16:258:Infinity":18,"f:257:50:257:51":7,"s:257:57:257:69":17,"b:268:16:268:Infinity:269:16:269:Infinity":19,"f:268:50:268:51":8,"s:268:57:268:69":18}}}
,"C:\\Users\\Aaron Sequeira\\Roneira-AI-HIFI\\frontend\\src\\components\\pdm\\PDMStrategyDashboard.tsx": {"path":"C:\\Users\\Aaron Sequeira\\Roneira-AI-HIFI\\frontend\\src\\components\\pdm\\PDMStrategyDashboard.tsx","statementMap":{"0":{"start":{"line":31,"column":52},"end":{"line":135,"column":null}},"1":{"start":{"line":32,"column":24},"end":{"line":41,"column":null}},"2":{"start":{"line":33,"column":4},"end":{"line":40,"column":null}},"3":{"start":{"line":35,"column":8},"end":{"line":35,"column":null}},"4":{"start":{"line":37,"column":8},"end":{"line":37,"column":null}},"5":{"start":{"line":39,"column":8},"end":{"line":39,"column":null}},"6":{"start":{"line":43,"column":25},"end":{"line":52,"column":null}},"7":{"start":{"line":44,"column":4},"end":{"line":51,"column":null}},"8":{"start":{"line":46,"column":8},"end":{"line":46,"column":null}},"9":{"start":{"line":48,"column":8},"end":{"line":48,"column":null}},"10":{"start":{"line":50,"column":8},"end":{"line":50,"column":null}},"11":{"start":{"line":54,"column":25},"end":{"line":60,"column":null}},"12":{"start":{"line":55,"column":4},"end":{"line":59,"column":null}},"13":{"start":{"line":62,"column":2},"end":{"line":133,"column":null}},"14":{"start":{"line":137,"column":73},"end":{"line":414,"column":null}},"15":{"start":{"line":145,"column":2},"end":{"line":145,"column":null}},"16":{"start":{"line":155,"column":44},"end":{"line":155,"column":null}},"17":{"start":{"line":156,"column":48},"end":{"line":156,"column":null}},"18":{"start":{"line":159,"column":65},"end":{"line":175,"column":null}},"19":{"start":{"line":162,"column":23},"end":{"line":166,"column":null}},"20":{"start":{"line":168,"column":6},"end":{"line":170,"column":null}},"21":{"start":{"line":169,"column":8},"end":{"line":169,"column":null}},"22":{"start":{"line":172,"column":6},"end":{"line":172,"column":null}},"23":{"start":{"line":178,"column":2},"end":{"line":182,"column":null}},"24":{"start":{"line":179,"column":4},"end":{"line":181,"column":null}},"25":{"start":{"line":180,"column":6},"end":{"line":180,"column":null}},"26":{"start":{"line":184,"column":34},"end":{"line":191,"column":null}},"27":{"start":{"line":185,"column":4},"end":{"line":185,"column":null}},"28":{"start":{"line":186,"column":4},"end":{"line":190,"column":null}},"29":{"start":{"line":187,"column":6},"end":{"line":187,"column":null}},"30":{"start":{"line":189,"column":6},"end":{"line":189,"column":null}},"31":{"start":{"line":193,"column":28},"end":{"line":215,"column":null}},"32":{"start":{"line":194,"column":4},"end":{"line":194,"column":null}},"33":{"start":{"line":195,"column":4},"end":{"line":214,"column":null}},"34":{"start":{"line":196,"column":23},"end":{"line":204,"column":null}},"35":{"start":{"line":206,"column":6},"end":{"line":209,"column":null}},"36":{"start":{"line":207,"column":21},"end":{"line":207,"column":null}},"37":{"start":{"line":208,"column":8},"end":{"line":208,"column":null}},"38":{"start":{"line":211,"column":6},"end":{"line":211,"column":null}},"39":{"start":{"line":213,"column":6},"end":{"line":213,"column":null}},"40":{"start":{"line":217,"column":24},"end":{"line":223,"column":null}},"41":{"start":{"line":225,"column":2},"end":{"line":412,"column":null}},"42":{"start":{"line":354,"column":14},"end":{"line":357,"column":null}}},"fnMap":{"0":{"name":"(anonymous_0)","decl":{"start":{"line":31,"column":52},"end":{"line":31,"column":53}},"loc":{"start":{"line":31,"column":68},"end":{"line":135,"column":null}},"line":31},"1":{"name":"(anonymous_1)","decl":{"start":{"line":32,"column":24},"end":{"line":32,"column":30}},"loc":{"start":{"line":32,"column":30},"end":{"line":41,"column":null}},"line":32},"2":{"name":"(anonymous_2)","decl":{"start":{"line":43,"column":25},"end":{"line":43,"column":31}},"loc":{"start":{"line":43,"column":31},"end":{"line":52,"column":null}},"line":43},"3":{"name":"(anonymous_3)","decl":{"start":{"line":54,"column":25},"end":{"line":54,"column":26}},"loc":{"start":{"line":54,"column":44},"end":{"line":60,"column":null}},"line":54},"4":{"name":"(anonymous_4)","decl":{"start":{"line":137,"column":73},"end":{"line":137,"column":74}},"loc":{"start":{"line":139,"column":6},"end":{"line":414,"column":null}},"line":139},"5":{"name":"(anonymous_5)","decl":{"start":{"line":161,"column":13},"end":{"line":161,"column":25}},"loc":{"start":{"line":161,"column":25},"end":{"line":173,"column":null}},"line":161},"6":{"name":"(anonymous_6)","decl":{"start":{"line":178,"column":12},"end":{"line":178,"column":18}},"loc":{"start":{"line":178,"column":18},"end":{"line":182,"column":5}},"line":178},"7":{"name":"(anonymous_7)","decl":{"start":{"line":184,"column":34},"end":{"line":184,"column":46}},"loc":{"start":{"line":184,"column":46},"end":{"line":191,"column":null}},"line":184},"8":{"name":"(anonymous_8)","decl":{"start":{"line":193,"column":28},"end":{"line":193,"column":40}},"loc":{"start":{"line":193,"column":40},"end":{"line":215,"column":null}},"line":193},"9":{"name":"(anonymous_9)","decl":{"start":{"line":353,"column":34},"end":{"line":353,"column":35}},"loc":{"start":{"line":354,"column":14},"end":{"line":357,"column":null}},"line":354}},"branchMap":{"0":{"loc":{"start":{"line":33,"column":4},"end":{"line":40,"column":null}},"type":"switch","locations":[{"start":{"line":34,"column":6},"end":{"line":35,"column":null}},{"start":{"line":36,"column":6},"end":{"line":37,"column":null}},{"start":{"line":38,"column":6},"end":{"line":39,"column":null}}],"line":33},"1":{"loc":{"start":{"line":44,"column":4},"end":{"line":51,"column":null}},"type":"switch","locations":[{"start":{"line":45,"column":6},"end":{"line":46,"column":null}},{"start":{"line":47,"column":6},"end":{"line":48,"column":null}},{"start":{"line":49,"column":6},"end":{"line":50,"column":null}}],"line":44},"2":{"loc":{"start":{"line":72,"column":64},"end":{"line":74,"column":null}},"type":"cond-expr","locations":[{"start":{"line":73,"column":14},"end":{"line":73,"column":null}},{"start":{"line":74,"column":14},"end":{"line":74,"column":null}}],"line":72},"3":{"loc":{"start":{"line":108,"column":50},"end":{"line":108,"column":null}},"type":"cond-expr","locations":[{"start":{"line":108,"column":78},"end":{"line":108,"column":97}},{"start":{"line":108,"column":97},"end":{"line":108,"column":null}}],"line":108},"4":{"loc":{"start":{"line":111,"column":15},"end":{"line":111,"column":null}},"type":"cond-expr","locations":[{"start":{"line":111,"column":43},"end":{"line":111,"column":49}},{"start":{"line":111,"column":49},"end":{"line":111,"column":null}}],"line":111},"5":{"loc":{"start":{"line":168,"column":6},"end":{"line":170,"column":null}},"type":"if","locations":[{"start":{"line":168,"column":6},"end":{"line":170,"column":null}},{"start":{},"end":{}}],"line":168},"6":{"loc":{"start":{"line":179,"column":4},"end":{"line":181,"column":null}},"type":"if","locations":[{"start":{"line":179,"column":4},"end":{"line":181,"column":null}},{"start":{},"end":{}}],"line":179},"7":{"loc":{"start":{"line":180,"column":26},"end":{"line":180,"column":57}},"type":"binary-expr","locations":[{"start":{"line":180,"column":26},"end":{"line":180,"column":55}},{"start":{"line":180,"column":55},"end":{"line":180,"column":57}}],"line":180},"8":{"loc":{"start":{"line":206,"column":6},"end":{"line":209,"column":null}},"type":"if","locations":[{"start":{"line":206,"column":6},"end":{"line":209,"column":null}},{"start":{},"end":{}}],"line":206},"9":{"loc":{"start":{"line":245,"column":15},"end":{"line":248,"column":null}},"type":"cond-expr","locations":[{"start":{"line":246,"column":16},"end":{"line":246,"column":null}},{"start":{"line":248,"column":16},"end":{"line":248,"column":null}}],"line":245},"10":{"loc":{"start":{"line":250,"column":15},"end":{"line":250,"column":null}},"type":"cond-expr","locations":[{"start":{"line":250,"column":35},"end":{"line":250,"column":51}},{"start":{"line":250,"column":51},"end":{"line":250,"column":null}}],"line":250},"11":{"loc":{"start":{"line":258,"column":15},"end":{"line":261,"column":null}},"type":"cond-expr","locations":[{"start":{"line":259,"column":16},"end":{"line":259,"column":null}},{"start":{"line":261,"column":16},"end":{"line":261,"column":null}}],"line":258},"12":{"loc":{"start":{"line":263,"column":15},"end":{"line":263,"column":null}},"type":"cond-expr","locations":[{"start":{"line":263,"column":35},"end":{"line":263,"column":50}},{"start":{"line":263,"column":50},"end":{"line":263,"column":null}}],"line":263},"13":{"loc":{"start":{"line":298,"column":51},"end":{"line":300,"column":null}},"type":"cond-expr","locations":[{"start":{"line":299,"column":20},"end":{"line":299,"column":null}},{"start":{"line":300,"column":20},"end":{"line":300,"column":null}}],"line":298},"14":{"loc":{"start":{"line":304,"column":17},"end":{"line":304,"column":null}},"type":"binary-expr","locations":[{"start":{"line":304,"column":17},"end":{"line":304,"column":55}},{"start":{"line":304,"column":55},"end":{"line":304,"column":null}}],"line":304},"15":{"loc":{"start":{"line":347,"column":7},"end":{"line":360,"column":null}},"type":"binary-expr","locations":[{"start":{"line":347,"column":7},"end":{"line":347,"column":null}},{"start":{"line":348,"column":8},"end":{"line":360,"column":null}}],"line":347},"16":{"loc":{"start":{"line":364,"column":7},"end":{"line":389,"column":null}},"type":"binary-expr","locations":[{"start":{"line":364,"column":7},"end":{"line":364,"column":null}},{"start":{"line":365,"column":8},"end":{"line":389,"column":null}}],"line":364},"17":{"loc":{"start":{"line":373,"column":17},"end":{"line":373,"column":null}},"type":"binary-expr","locations":[{"start":{"line":373,"column":17},"end":{"line":373,"column":61}},{"start":{"line":373,"column":61},"end":{"line":373,"column":null}}],"line":373},"18":{"loc":{"start":{"line":379,"column":17},"end":{"line":379,"column":null}},"type":"binary-expr","locations":[{"start":{"line":379,"column":17},"end":{"line":379,"column":70}},{"start":{"line":379,"column":70},"end":{"line":379,"column":null}}],"line":379},"19":{"loc":{"start":{"line":385,"column":17},"end":{"line":385,"column":null}},"type":"binary-expr","locations":[{"start":{"line":385,"column":17},"end":{"line":385,"column":71}},{"start":{"line":385,"column":71},"end":{"line":385,"column":null}}],"line":385},"20":{"loc":{"start":{"line":393,"column":7},"end":{"line":410,"column":null}},"type":"binary-expr","locations":[{"start":{"line":393,"column":7},"end":{"line":393,"column":40}},{"start":{"line":393,"column":40},"end":{"line":393,"column":null}},{"start":{"line":394,"column":8},"end":{"line":410,"column":null}}],"line":393}},"s":{"0":1,"1":0,"2":0,"3":0,"4":0,"5":0,"6":0,"7":0,"8":0,"9":0,"10":0,"11":0,"12":0,"13":0,"14":1,"15":0,"16":0,"17":0,"18":0,"19":0,"20":0,"21":0,"22":0,"23":0,"24":0,"25":0,"26":0,"27":0,"28":0,"29":0,"30":0,"31":0,"32":0,"33":0,"34":0,"35":0,"36":0,"37":0,"38":0,"39":0,"40":0,"41":0,"42":0},"f":{"0":0,"1":0,"2":0,"3":0,"4":0,"5":0,"6":0,"7":0,"8":0,"9":0},"b":{"0":[0,0,0],"1":[0,0,0],"2":[0,0],"3":[0,0],"4":[0,0],"5":[0,0],"6":[0,0],"7":[0,0],"8":[0,0],"9":[0,0],"10":[0,0],"11":[0,0],"12":[0,0],"13":[0,0],"14":[0,0],"15":[0,0],"16":[0,0],"17":[0,0],"18":[0,0],"19":[0,0],"20":[0,0,0]},"meta":{"lastBranch":21,"lastFunction":10,"lastStatement":43,"seen":{"s:31:52:135:Infinity":0,"f:31:52:31:53":0,"s:32:24:41:Infinity":1,"f:32:24:32:30":1,"b:34:6:35:Infinity:36:6:37:Infinity:38:6:39:Infinity":0,"s:33:4:40:Infinity":2,"s:35:8:35:Infinity":3,"s:37:8:37:Infinity":4,"s:39:8:39:Infinity":5,"s:43:25:52:Infinity":6,"f:43:25:43:31":2,"b:45:6:46:Infinity:47:6:48:Infinity:49:6:50:Infinity":1,"s:44:4:51:Infinity":7,"s:46:8:46:Infinity":8,"s:48:8:48:Infinity":9,"s:50:8:50:Infinity":10,"s:54:25:60:Infinity":11,"f:54:25:54:26":3,"s:55:4:59:Infinity":12,"s:62:2:133:Infinity":13,"b:73:14:73:Infinity:74:14:74:Infinity":2,"b:108:78:108:97:108:97:108:Infinity":3,"b:111:43:111:49:111:49:111:Infinity":4,"s:137:73:414:Infinity":14,"f:137:73:137:74":4,"s:145:2:145:Infinity":15,"s:155:44:155:Infinity":16,"s:156:48:156:Infinity":17,"s:159:65:175:Infinity":18,"f:161:13:161:25":5,"s:162:23:166:Infinity":19,"b:168:6:170:Infinity:undefined:undefined:undefined:undefined":5,"s:168:6:170:Infinity":20,"s:169:8:169:Infinity":21,"s:172:6:172:Infinity":22,"s:178:2:182:Infinity":23,"f:178:12:178:18":6,"b:179:4:181:Infinity:undefined:undefined:undefined:undefined":6,"s:179:4:181:Infinity":24,"s:180:6:180:Infinity":25,"b:180:26:180:55:180:55:180:57":7,"s:184:34:191:Infinity":26,"f:184:34:184:46":7,"s:185:4:185:Infinity":27,"s:186:4:190:Infinity":28,"s:187:6:187:Infinity":29,"s:189:6:189:Infinity":30,"s:193:28:215:Infinity":31,"f:193:28:193:40":8,"s:194:4:194:Infinity":32,"s:195:4:214:Infinity":33,"s:196:23:204:Infinity":34,"b:206:6:209:Infinity:undefined:undefined:undefined:undefined":8,"s:206:6:209:Infinity":35,"s:207:21:207:Infinity":36,"s:208:8:208:Infinity":37,"s:211:6:211:Infinity":38,"s:213:6:213:Infinity":39,"s:217:24:223:Infinity":40,"s:225:2:412:Infinity":41,"b:246:16:246:Infinity:248:16:248:Infinity":9,"b:250:35:250:51:250:51:250:Infinity":10,"b:259:16:259:Infinity:261:16:261:Infinity":11,"b:263:35:263:50:263:50:263:Infinity":12,"b:299:20:299:Infinity:300:20:300:Infinity":13,"b:304:17:304:55:304:55:304:Infinity":14,"b:347:7:347:Infinity:348:8:360:Infinity":15,"f:353:34:353:35":9,"s:354:14:357:Infinity":42,"b:364:7:364:Infinity:365:8:389:Infinity":16,"b:373:17:373:61:373:61:373:Infinity":17,"b:379:17:379:70:379:70:379:Infinity":18,"b:385:17:385:71:385:71:385:Infinity":19,"b:393:7:393:40:393:40:393:Infinity:394:8:410:Infinity":20}}}
,"C:\\Users\\Aaron Sequeira\\Roneira-AI-HIFI\\frontend\\src\\components\\portfolio\\PortfolioManagementDashboard.tsx": {"path":"C:\\Users\\Aaron Sequeira\\Roneira-AI-HIFI\\frontend\\src\\components\\portfolio\\PortfolioManagementDashboard.tsx","statementMap":{"0":{"start":{"line":27,"column":4},"end":{"line":214,"column":null}},"1":{"start":{"line":28,"column":32},"end":{"line":28,"column":null}},"2":{"start":{"line":29,"column":26},"end":{"line":29,"column":null}},"3":{"start":{"line":30,"column":26},"end":{"line":30,"column":null}},"4":{"start":{"line":31,"column":24},"end":{"line":31,"column":null}},"5":{"start":{"line":32,"column":32},"end":{"line":32,"column":null}},"6":{"start":{"line":33,"column":17},"end":{"line":33,"column":null}},"7":{"start":{"line":35,"column":2},"end":{"line":37,"column":null}},"8":{"start":{"line":36,"column":4},"end":{"line":36,"column":null}},"9":{"start":{"line":39,"column":2},"end":{"line":41,"column":null}},"10":{"start":{"line":40,"column":4},"end":{"line":40,"column":null}},"11":{"start":{"line":40,"column":24},"end":{"line":40,"column":null}},"12":{"start":{"line":43,"column":24},"end":{"line":50,"column":null}},"13":{"start":{"line":44,"column":4},"end":{"line":49,"column":null}},"14":{"start":{"line":45,"column":19},"end":{"line":45,"column":null}},"15":{"start":{"line":46,"column":6},"end":{"line":46,"column":null}},"16":{"start":{"line":48,"column":6},"end":{"line":48,"column":null}},"17":{"start":{"line":52,"column":25},"end":{"line":69,"column":null}},"18":{"start":{"line":53,"column":4},"end":{"line":53,"column":null}},"19":{"start":{"line":54,"column":4},"end":{"line":54,"column":null}},"20":{"start":{"line":54,"column":46},"end":{"line":54,"column":null}},"21":{"start":{"line":56,"column":4},"end":{"line":56,"column":null}},"22":{"start":{"line":57,"column":4},"end":{"line":68,"column":null}},"23":{"start":{"line":58,"column":31},"end":{"line":58,"column":null}},"24":{"start":{"line":59,"column":6},"end":{"line":59,"column":null}},"25":{"start":{"line":60,"column":6},"end":{"line":60,"column":null}},"26":{"start":{"line":61,"column":6},"end":{"line":61,"column":null}},"27":{"start":{"line":62,"column":6},"end":{"line":62,"column":null}},"28":{"start":{"line":63,"column":6},"end":{"line":63,"column":null}},"29":{"start":{"line":65,"column":6},"end":{"line":65,"column":null}},"30":{"start":{"line":67,"column":6},"end":{"line":67,"column":null}},"31":{"start":{"line":71,"column":28},"end":{"line":84,"column":null}},"32":{"start":{"line":72,"column":4},"end":{"line":72,"column":null}},"33":{"start":{"line":72,"column":72},"end":{"line":72,"column":null}},"34":{"start":{"line":74,"column":4},"end":{"line":74,"column":null}},"35":{"start":{"line":75,"column":4},"end":{"line":83,"column":null}},"36":{"start":{"line":76,"column":31},"end":{"line":76,"column":null}},"37":{"start":{"line":77,"column":6},"end":{"line":77,"column":null}},"38":{"start":{"line":78,"column":6},"end":{"line":78,"column":null}},"39":{"start":{"line":80,"column":6},"end":{"line":80,"column":null}},"40":{"start":{"line":82,"column":6},"end":{"line":82,"column":null}},"41":{"start":{"line":86,"column":21},"end":{"line":86,"column":null}},"42":{"start":{"line":86,"column":53},"end":{"line":86,"column":91}},"43":{"start":{"line":88,"column":2},"end":{"line":212,"column":null}},"44":{"start":{"line":128,"column":35},"end":{"line":128,"column":null}},"45":{"start":{"line":139,"column":35},"end":{"line":139,"column":null}},"46":{"start":{"line":151,"column":35},"end":{"line":151,"column":null}},"47":{"start":{"line":189,"column":22},"end":{"line":203,"column":null}},"48":{"start":{"line":196,"column":43},"end":{"line":196,"column":null}}},"fnMap":{"0":{"name":"(anonymous_0)","decl":{"start":{"line":27,"column":4},"end":{"line":27,"column":5}},"loc":{"start":{"line":27,"column":28},"end":{"line":214,"column":null}},"line":27},"1":{"name":"(anonymous_1)","decl":{"start":{"line":35,"column":12},"end":{"line":35,"column":18}},"loc":{"start":{"line":35,"column":18},"end":{"line":37,"column":5}},"line":35},"2":{"name":"(anonymous_2)","decl":{"start":{"line":39,"column":12},"end":{"line":39,"column":18}},"loc":{"start":{"line":39,"column":18},"end":{"line":41,"column":5}},"line":39},"3":{"name":"(anonymous_3)","decl":{"start":{"line":43,"column":24},"end":{"line":43,"column":36}},"loc":{"start":{"line":43,"column":36},"end":{"line":50,"column":null}},"line":43},"4":{"name":"(anonymous_4)","decl":{"start":{"line":52,"column":25},"end":{"line":52,"column":32}},"loc":{"start":{"line":52,"column":55},"end":{"line":69,"column":null}},"line":52},"5":{"name":"(anonymous_5)","decl":{"start":{"line":71,"column":28},"end":{"line":71,"column":35}},"loc":{"start":{"line":71,"column":62},"end":{"line":84,"column":null}},"line":71},"6":{"name":"(anonymous_6)","decl":{"start":{"line":86,"column":38},"end":{"line":86,"column":39}},"loc":{"start":{"line":86,"column":53},"end":{"line":86,"column":91}},"line":86},"7":{"name":"(anonymous_7)","decl":{"start":{"line":128,"column":28},"end":{"line":128,"column":29}},"loc":{"start":{"line":128,"column":35},"end":{"line":128,"column":null}},"line":128},"8":{"name":"(anonymous_8)","decl":{"start":{"line":139,"column":28},"end":{"line":139,"column":29}},"loc":{"start":{"line":139,"column":35},"end":{"line":139,"column":null}},"line":139},"9":{"name":"(anonymous_9)","decl":{"start":{"line":151,"column":28},"end":{"line":151,"column":29}},"loc":{"start":{"line":151,"column":35},"end":{"line":151,"column":null}},"line":151},"10":{"name":"(anonymous_10)","decl":{"start":{"line":188,"column":35},"end":{"line":188,"column":36}},"loc":{"start":{"line":189,"column":22},"end":{"line":203,"column":null}},"line":189},"11":{"name":"(anonymous_11)","decl":{"start":{"line":196,"column":37},"end":{"line":196,"column":43}},"loc":{"start":{"line":196,"column":43},"end":{"line":196,"column":null}},"line":196}},"branchMap":{"0":{"loc":{"start":{"line":29,"column":39},"end":{"line":29,"column":59}},"type":"binary-expr","locations":[{"start":{"line":29,"column":39},"end":{"line":29,"column":57}},{"start":{"line":29,"column":57},"end":{"line":29,"column":59}}],"line":29},"1":{"loc":{"start":{"line":40,"column":4},"end":{"line":40,"column":null}},"type":"if","locations":[{"start":{"line":40,"column":4},"end":{"line":40,"column":null}},{"start":{},"end":{}}],"line":40},"2":{"loc":{"start":{"line":54,"column":4},"end":{"line":54,"column":null}},"type":"if","locations":[{"start":{"line":54,"column":4},"end":{"line":54,"column":null}},{"start":{},"end":{}}],"line":54},"3":{"loc":{"start":{"line":54,"column":8},"end":{"line":54,"column":46}},"type":"binary-expr","locations":[{"start":{"line":54,"column":8},"end":{"line":54,"column":19}},{"start":{"line":54,"column":19},"end":{"line":54,"column":34}},{"start":{"line":54,"column":34},"end":{"line":54,"column":46}}],"line":54},"4":{"loc":{"start":{"line":72,"column":4},"end":{"line":72,"column":null}},"type":"if","locations":[{"start":{"line":72,"column":4},"end":{"line":72,"column":null}},{"start":{},"end":{}}],"line":72},"5":{"loc":{"start":{"line":171,"column":13},"end":{"line":207,"column":null}},"type":"cond-expr","locations":[{"start":{"line":172,"column":14},"end":{"line":174,"column":null}},{"start":{"line":176,"column":14},"end":{"line":207,"column":null}}],"line":171}},"s":{"0":1,"1":0,"2":0,"3":0,"4":0,"5":0,"6":0,"7":0,"8":0,"9":0,"10":0,"11":0,"12":0,"13":0,"14":0,"15":0,"16":0,"17":0,"18":0,"19":0,"20":0,"21":0,"22":0,"23":0,"24":0,"25":0,"26":0,"27":0,"28":0,"29":0,"30":0,"31":0,"32":0,"33":0,"34":0,"35":0,"36":0,"37":0,"38":0,"39":0,"40":0,"41":0,"42":0,"43":0,"44":0,"45":0,"46":0,"47":0,"48":0},"f":{"0":0,"1":0,"2":0,"3":0,"4":0,"5":0,"6":0,"7":0,"8":0,"9":0,"10":0,"11":0},"b":{"0":[0,0],"1":[0,0],"2":[0,0],"3":[0,0,0],"4":[0,0],"5":[0,0]},"meta":{"lastBranch":6,"lastFunction":12,"lastStatement":49,"seen":{"s:27:4:214:Infinity":0,"f:27:4:27:5":0,"s:28:32:28:Infinity":1,"s:29:26:29:Infinity":2,"b:29:39:29:57:29:57:29:59":0,"s:30:26:30:Infinity":3,"s:31:24:31:Infinity":4,"s:32:32:32:Infinity":5,"s:33:17:33:Infinity":6,"s:35:2:37:Infinity":7,"f:35:12:35:18":1,"s:36:4:36:Infinity":8,"s:39:2:41:Infinity":9,"f:39:12:39:18":2,"b:40:4:40:Infinity:undefined:undefined:undefined:undefined":1,"s:40:4:40:Infinity":10,"s:40:24:40:Infinity":11,"s:43:24:50:Infinity":12,"f:43:24:43:36":3,"s:44:4:49:Infinity":13,"s:45:19:45:Infinity":14,"s:46:6:46:Infinity":15,"s:48:6:48:Infinity":16,"s:52:25:69:Infinity":17,"f:52:25:52:32":4,"s:53:4:53:Infinity":18,"b:54:4:54:Infinity:undefined:undefined:undefined:undefined":2,"s:54:4:54:Infinity":19,"b:54:8:54:19:54:19:54:34:54:34:54:46":3,"s:54:46:54:Infinity":20,"s:56:4:56:Infinity":21,"s:57:4:68:Infinity":22,"s:58:31:58:Infinity":23,"s:59:6:59:Infinity":24,"s:60:6:60:Infinity":25,"s:61:6:61:Infinity":26,"s:62:6:62:Infinity":27,"s:63:6:63:Infinity":28,"s:65:6:65:Infinity":29,"s:67:6:67:Infinity":30,"s:71:28:84:Infinity":31,"f:71:28:71:35":5,"b:72:4:72:Infinity:undefined:undefined:undefined:undefined":4,"s:72:4:72:Infinity":32,"s:72:72:72:Infinity":33,"s:74:4:74:Infinity":34,"s:75:4:83:Infinity":35,"s:76:31:76:Infinity":36,"s:77:6:77:Infinity":37,"s:78:6:78:Infinity":38,"s:80:6:80:Infinity":39,"s:82:6:82:Infinity":40,"s:86:21:86:Infinity":41,"f:86:38:86:39":6,"s:86:53:86:91":42,"s:88:2:212:Infinity":43,"f:128:28:128:29":7,"s:128:35:128:Infinity":44,"f:139:28:139:29":8,"s:139:35:139:Infinity":45,"f:151:28:151:29":9,"s:151:35:151:Infinity":46,"b:172:14:174:Infinity:176:14:207:Infinity":5,"f:188:35:188:36":10,"s:189:22:203:Infinity":47,"f:196:37:196:43":11,"s:196:43:196:Infinity":48}}}
,"C:\\Users\\Aaron Sequeira\\Roneira-AI-HIFI\\frontend\\src\\components\\prediction\\StockPredictionDashboard.tsx": {"path":"C:\\Users\\Aaron Sequeira\\Roneira-AI-HIFI\\frontend\\src\\components\\prediction\\StockPredictionDashboard.tsx","statementMap":{"0":{"start":{"line":44,"column":4},"end":{"line":448,"column":null}},"1":{"start":{"line":45,"column":26},"end":{"line":45,"column":null}},"2":{"start":{"line":46,"column":34},"end":{"line":46,"column":null}},"3":{"start":{"line":49,"column":26},"end":{"line":70,"column":null}},"4":{"start":{"line":52,"column":27},"end":{"line":52,"column":null}},"5":{"start":{"line":53,"column":23},"end":{"line":60,"column":null}},"6":{"start":{"line":62,"column":6},"end":{"line":64,"column":null}},"7":{"start":{"line":63,"column":8},"end":{"line":63,"column":null}},"8":{"start":{"line":66,"column":6},"end":{"line":66,"column":null}},"9":{"start":{"line":72,"column":23},"end":{"line":77,"column":null}},"10":{"start":{"line":73,"column":4},"end":{"line":73,"column":null}},"11":{"start":{"line":74,"column":4},"end":{"line":76,"column":null}},"12":{"start":{"line":75,"column":6},"end":{"line":75,"column":null}},"13":{"start":{"line":79,"column":25},"end":{"line":84,"column":null}},"14":{"start":{"line":80,"column":4},"end":{"line":83,"column":null}},"15":{"start":{"line":86,"column":21},"end":{"line":86,"column":null}},"16":{"start":{"line":89,"column":28},"end":{"line":92,"column":null}},"17":{"start":{"line":94,"column":23},"end":{"line":97,"column":null}},"18":{"start":{"line":99,"column":2},"end":{"line":446,"column":null}},"19":{"start":{"line":123,"column":33},"end":{"line":123,"column":null}},"20":{"start":{"line":134,"column":35},"end":{"line":134,"column":null}},"21":{"start":{"line":373,"column":46},"end":{"line":373,"column":null}}},"fnMap":{"0":{"name":"(anonymous_0)","decl":{"start":{"line":44,"column":4},"end":{"line":44,"column":5}},"loc":{"start":{"line":44,"column":44},"end":{"line":448,"column":null}},"line":44},"1":{"name":"(anonymous_1)","decl":{"start":{"line":51,"column":13},"end":{"line":51,"column":25}},"loc":{"start":{"line":51,"column":25},"end":{"line":67,"column":null}},"line":51},"2":{"name":"(anonymous_2)","decl":{"start":{"line":72,"column":23},"end":{"line":72,"column":24}},"loc":{"start":{"line":72,"column":47},"end":{"line":77,"column":null}},"line":72},"3":{"name":"(anonymous_3)","decl":{"start":{"line":79,"column":25},"end":{"line":79,"column":26}},"loc":{"start":{"line":79,"column":63},"end":{"line":84,"column":null}},"line":79},"4":{"name":"(anonymous_4)","decl":{"start":{"line":123,"column":26},"end":{"line":123,"column":27}},"loc":{"start":{"line":123,"column":33},"end":{"line":123,"column":null}},"line":123},"5":{"name":"(anonymous_5)","decl":{"start":{"line":134,"column":28},"end":{"line":134,"column":29}},"loc":{"start":{"line":134,"column":35},"end":{"line":134,"column":null}},"line":134},"6":{"name":"(anonymous_6)","decl":{"start":{"line":373,"column":35},"end":{"line":373,"column":36}},"loc":{"start":{"line":373,"column":46},"end":{"line":373,"column":null}},"line":373}},"branchMap":{"0":{"loc":{"start":{"line":52,"column":27},"end":{"line":52,"column":null}},"type":"binary-expr","locations":[{"start":{"line":52,"column":27},"end":{"line":52,"column":64}},{"start":{"line":52,"column":64},"end":{"line":52,"column":null}}],"line":52},"1":{"loc":{"start":{"line":62,"column":6},"end":{"line":64,"column":null}},"type":"if","locations":[{"start":{"line":62,"column":6},"end":{"line":64,"column":null}},{"start":{},"end":{}}],"line":62},"2":{"loc":{"start":{"line":74,"column":4},"end":{"line":76,"column":null}},"type":"if","locations":[{"start":{"line":74,"column":4},"end":{"line":76,"column":null}},{"start":{},"end":{}}],"line":74},"3":{"loc":{"start":{"line":83,"column":14},"end":{"line":83,"column":24}},"type":"binary-expr","locations":[{"start":{"line":83,"column":14},"end":{"line":83,"column":23}},{"start":{"line":83,"column":23},"end":{"line":83,"column":24}}],"line":83},"4":{"loc":{"start":{"line":143,"column":24},"end":{"line":143,"column":null}},"type":"binary-expr","locations":[{"start":{"line":143,"column":24},"end":{"line":143,"column":37}},{"start":{"line":143,"column":37},"end":{"line":143,"column":null}}],"line":143},"5":{"loc":{"start":{"line":146,"column":15},"end":{"line":149,"column":null}},"type":"cond-expr","locations":[{"start":{"line":147,"column":16},"end":{"line":147,"column":null}},{"start":{"line":149,"column":16},"end":{"line":149,"column":null}}],"line":146},"6":{"loc":{"start":{"line":151,"column":15},"end":{"line":151,"column":null}},"type":"cond-expr","locations":[{"start":{"line":151,"column":27},"end":{"line":151,"column":44}},{"start":{"line":151,"column":44},"end":{"line":151,"column":null}}],"line":151},"7":{"loc":{"start":{"line":158,"column":7},"end":{"line":427,"column":null}},"type":"binary-expr","locations":[{"start":{"line":158,"column":7},"end":{"line":158,"column":21}},{"start":{"line":158,"column":21},"end":{"line":158,"column":null}},{"start":{"line":159,"column":8},"end":{"line":427,"column":null}}],"line":158},"8":{"loc":{"start":{"line":171,"column":19},"end":{"line":171,"column":null}},"type":"binary-expr","locations":[{"start":{"line":171,"column":19},"end":{"line":171,"column":48}},{"start":{"line":171,"column":48},"end":{"line":171,"column":null}}],"line":171},"9":{"loc":{"start":{"line":197,"column":22},"end":{"line":200,"column":null}},"type":"cond-expr","locations":[{"start":{"line":198,"column":22},"end":{"line":198,"column":null}},{"start":{"line":200,"column":22},"end":{"line":200,"column":null}}],"line":197},"10":{"loc":{"start":{"line":197,"column":22},"end":{"line":197,"column":70}},"type":"binary-expr","locations":[{"start":{"line":197,"column":22},"end":{"line":197,"column":65}},{"start":{"line":197,"column":65},"end":{"line":197,"column":70}}],"line":197},"11":{"loc":{"start":{"line":202,"column":37},"end":{"line":202,"column":154}},"type":"cond-expr","locations":[{"start":{"line":202,"column":121},"end":{"line":202,"column":140}},{"start":{"line":202,"column":140},"end":{"line":202,"column":154}}],"line":202},"12":{"loc":{"start":{"line":202,"column":69},"end":{"line":202,"column":117}},"type":"binary-expr","locations":[{"start":{"line":202,"column":69},"end":{"line":202,"column":112}},{"start":{"line":202,"column":112},"end":{"line":202,"column":117}}],"line":202},"13":{"loc":{"start":{"line":203,"column":24},"end":{"line":203,"column":null}},"type":"cond-expr","locations":[{"start":{"line":203,"column":76},"end":{"line":203,"column":82}},{"start":{"line":203,"column":82},"end":{"line":203,"column":null}}],"line":203},"14":{"loc":{"start":{"line":203,"column":24},"end":{"line":203,"column":72}},"type":"binary-expr","locations":[{"start":{"line":203,"column":24},"end":{"line":203,"column":67}},{"start":{"line":203,"column":67},"end":{"line":203,"column":72}}],"line":203},"15":{"loc":{"start":{"line":204,"column":25},"end":{"line":204,"column":72}},"type":"binary-expr","locations":[{"start":{"line":204,"column":25},"end":{"line":204,"column":68}},{"start":{"line":204,"column":68},"end":{"line":204,"column":72}}],"line":204},"16":{"loc":{"start":{"line":213,"column":25},"end":{"line":213,"column":69}},"type":"binary-expr","locations":[{"start":{"line":213,"column":25},"end":{"line":213,"column":64}},{"start":{"line":213,"column":64},"end":{"line":213,"column":69}}],"line":213},"17":{"loc":{"start":{"line":220,"column":15},"end":{"line":235,"column":null}},"type":"binary-expr","locations":[{"start":{"line":220,"column":15},"end":{"line":220,"column":null}},{"start":{"line":221,"column":16},"end":{"line":235,"column":null}}],"line":220},"18":{"loc":{"start":{"line":229,"column":22},"end":{"line":231,"column":54}},"type":"cond-expr","locations":[{"start":{"line":229,"column":73},"end":{"line":229,"column":null}},{"start":{"line":230,"column":22},"end":{"line":231,"column":54}}],"line":229},"19":{"loc":{"start":{"line":230,"column":22},"end":{"line":231,"column":54}},"type":"cond-expr","locations":[{"start":{"line":230,"column":73},"end":{"line":230,"column":null}},{"start":{"line":231,"column":24},"end":{"line":231,"column":54}}],"line":230},"20":{"loc":{"start":{"line":250,"column":33},"end":{"line":250,"column":250}},"type":"cond-expr","locations":[{"start":{"line":250,"column":129},"end":{"line":250,"column":147}},{"start":{"line":250,"column":129},"end":{"line":250,"column":250}}],"line":250},"21":{"loc":{"start":{"line":250,"column":57},"end":{"line":250,"column":124}},"type":"binary-expr","locations":[{"start":{"line":250,"column":57},"end":{"line":250,"column":118}},{"start":{"line":250,"column":118},"end":{"line":250,"column":124}}],"line":250},"22":{"loc":{"start":{"line":250,"column":129},"end":{"line":250,"column":250}},"type":"cond-expr","locations":[{"start":{"line":250,"column":219},"end":{"line":250,"column":238}},{"start":{"line":250,"column":238},"end":{"line":250,"column":250}}],"line":250},"23":{"loc":{"start":{"line":250,"column":147},"end":{"line":250,"column":214}},"type":"binary-expr","locations":[{"start":{"line":250,"column":147},"end":{"line":250,"column":208}},{"start":{"line":250,"column":208},"end":{"line":250,"column":214}}],"line":250},"24":{"loc":{"start":{"line":251,"column":20},"end":{"line":251,"column":84}},"type":"binary-expr","locations":[{"start":{"line":251,"column":20},"end":{"line":251,"column":81}},{"start":{"line":251,"column":81},"end":{"line":251,"column":84}}],"line":251},"25":{"loc":{"start":{"line":257,"column":33},"end":{"line":257,"column":146}},"type":"cond-expr","locations":[{"start":{"line":257,"column":113},"end":{"line":257,"column":132}},{"start":{"line":257,"column":132},"end":{"line":257,"column":146}}],"line":257},"26":{"loc":{"start":{"line":257,"column":57},"end":{"line":257,"column":109}},"type":"binary-expr","locations":[{"start":{"line":257,"column":57},"end":{"line":257,"column":104}},{"start":{"line":257,"column":104},"end":{"line":257,"column":109}}],"line":257},"27":{"loc":{"start":{"line":258,"column":20},"end":{"line":258,"column":70}},"type":"binary-expr","locations":[{"start":{"line":258,"column":20},"end":{"line":258,"column":67}},{"start":{"line":258,"column":67},"end":{"line":258,"column":70}}],"line":258},"28":{"loc":{"start":{"line":274,"column":58},"end":{"line":274,"column":119}},"type":"binary-expr","locations":[{"start":{"line":274,"column":58},"end":{"line":274,"column":114}},{"start":{"line":274,"column":114},"end":{"line":274,"column":119}}],"line":274},"29":{"loc":{"start":{"line":280,"column":23},"end":{"line":280,"column":84}},"type":"binary-expr","locations":[{"start":{"line":280,"column":23},"end":{"line":280,"column":79}},{"start":{"line":280,"column":79},"end":{"line":280,"column":84}}],"line":280},"30":{"loc":{"start":{"line":289,"column":11},"end":{"line":341,"column":null}},"type":"binary-expr","locations":[{"start":{"line":289,"column":11},"end":{"line":289,"column":25}},{"start":{"line":289,"column":25},"end":{"line":289,"column":null}},{"start":{"line":290,"column":12},"end":{"line":341,"column":null}}],"line":289},"31":{"loc":{"start":{"line":304,"column":22},"end":{"line":306,"column":55}},"type":"cond-expr","locations":[{"start":{"line":304,"column":80},"end":{"line":304,"column":null}},{"start":{"line":305,"column":22},"end":{"line":306,"column":55}}],"line":304},"32":{"loc":{"start":{"line":305,"column":22},"end":{"line":306,"column":55}},"type":"cond-expr","locations":[{"start":{"line":305,"column":80},"end":{"line":305,"column":null}},{"start":{"line":306,"column":24},"end":{"line":306,"column":55}}],"line":305},"33":{"loc":{"start":{"line":315,"column":25},"end":{"line":315,"column":83}},"type":"binary-expr","locations":[{"start":{"line":315,"column":25},"end":{"line":315,"column":78}},{"start":{"line":315,"column":78},"end":{"line":315,"column":83}}],"line":315},"34":{"loc":{"start":{"line":320,"column":34},"end":{"line":320,"column":159}},"type":"cond-expr","locations":[{"start":{"line":320,"column":126},"end":{"line":320,"column":145}},{"start":{"line":320,"column":145},"end":{"line":320,"column":159}}],"line":320},"35":{"loc":{"start":{"line":320,"column":66},"end":{"line":320,"column":122}},"type":"binary-expr","locations":[{"start":{"line":320,"column":66},"end":{"line":320,"column":117}},{"start":{"line":320,"column":117},"end":{"line":320,"column":122}}],"line":320},"36":{"loc":{"start":{"line":321,"column":24},"end":{"line":321,"column":78}},"type":"binary-expr","locations":[{"start":{"line":321,"column":24},"end":{"line":321,"column":75}},{"start":{"line":321,"column":75},"end":{"line":321,"column":78}}],"line":321},"37":{"loc":{"start":{"line":352,"column":37},"end":{"line":352,"column":null}},"type":"binary-expr","locations":[{"start":{"line":352,"column":37},"end":{"line":352,"column":68}},{"start":{"line":352,"column":68},"end":{"line":352,"column":null}}],"line":352},"38":{"loc":{"start":{"line":431,"column":7},"end":{"line":444,"column":null}},"type":"binary-expr","locations":[{"start":{"line":431,"column":7},"end":{"line":431,"column":22}},{"start":{"line":431,"column":22},"end":{"line":431,"column":null}},{"start":{"line":432,"column":8},"end":{"line":444,"column":null}}],"line":431}},"s":{"0":1,"1":0,"2":0,"3":0,"4":0,"5":0,"6":0,"7":0,"8":0,"9":0,"10":0,"11":0,"12":0,"13":0,"14":0,"15":0,"16":0,"17":0,"18":0,"19":0,"20":0,"21":0},"f":{"0":0,"1":0,"2":0,"3":0,"4":0,"5":0,"6":0},"b":{"0":[0,0],"1":[0,0],"2":[0,0],"3":[0,0],"4":[0,0],"5":[0,0],"6":[0,0],"7":[0,0,0],"8":[0,0],"9":[0,0],"10":[0,0],"11":[0,0],"12":[0,0],"13":[0,0],"14":[0,0],"15":[0,0],"16":[0,0],"17":[0,0],"18":[0,0],"19":[0,0],"20":[0,0],"21":[0,0],"22":[0,0],"23":[0,0],"24":[0,0],"25":[0,0],"26":[0,0],"27":[0,0],"28":[0,0],"29":[0,0],"30":[0,0,0],"31":[0,0],"32":[0,0],"33":[0,0],"34":[0,0],"35":[0,0],"36":[0,0],"37":[0,0],"38":[0,0,0]},"meta":{"lastBranch":39,"lastFunction":7,"lastStatement":22,"seen":{"s:44:4:448:Infinity":0,"f:44:4:44:5":0,"s:45:26:45:Infinity":1,"s:46:34:46:Infinity":2,"s:49:26:70:Infinity":3,"f:51:13:51:25":1,"s:52:27:52:Infinity":4,"b:52:27:52:64:52:64:52:Infinity":0,"s:53:23:60:Infinity":5,"b:62:6:64:Infinity:undefined:undefined:undefined:undefined":1,"s:62:6:64:Infinity":6,"s:63:8:63:Infinity":7,"s:66:6:66:Infinity":8,"s:72:23:77:Infinity":9,"f:72:23:72:24":2,"s:73:4:73:Infinity":10,"b:74:4:76:Infinity:undefined:undefined:undefined:undefined":2,"s:74:4:76:Infinity":11,"s:75:6:75:Infinity":12,"s:79:25:84:Infinity":13,"f:79:25:79:26":3,"s:80:4:83:Infinity":14,"b:83:14:83:23:83:23:83:24":3,"s:86:21:86:Infinity":15,"s:89:28:92:Infinity":16,"s:94:23:97:Infinity":17,"s:99:2:446:Infinity":18,"f:123:26:123:27":4,"s:123:33:123:Infinity":19,"f:134:28:134:29":5,"s:134:35:134:Infinity":20,"b:143:24:143:37:143:37:143:Infinity":4,"b:147:16:147:Infinity:149:16:149:Infinity":5,"b:151:27:151:44:151:44:151:Infinity":6,"b:158:7:158:21:158:21:158:Infinity:159:8:427:Infinity":7,"b:171:19:171:48:171:48:171:Infinity":8,"b:198:22:198:Infinity:200:22:200:Infinity":9,"b:197:22:197:65:197:65:197:70":10,"b:202:121:202:140:202:140:202:154":11,"b:202:69:202:112:202:112:202:117":12,"b:203:76:203:82:203:82:203:Infinity":13,"b:203:24:203:67:203:67:203:72":14,"b:204:25:204:68:204:68:204:72":15,"b:213:25:213:64:213:64:213:69":16,"b:220:15:220:Infinity:221:16:235:Infinity":17,"b:229:73:229:Infinity:230:22:231:54":18,"b:230:73:230:Infinity:231:24:231:54":19,"b:250:129:250:147:250:129:250:250":20,"b:250:57:250:118:250:118:250:124":21,"b:250:219:250:238:250:238:250:250":22,"b:250:147:250:208:250:208:250:214":23,"b:251:20:251:81:251:81:251:84":24,"b:257:113:257:132:257:132:257:146":25,"b:257:57:257:104:257:104:257:109":26,"b:258:20:258:67:258:67:258:70":27,"b:274:58:274:114:274:114:274:119":28,"b:280:23:280:79:280:79:280:84":29,"b:289:11:289:25:289:25:289:Infinity:290:12:341:Infinity":30,"b:304:80:304:Infinity:305:22:306:55":31,"b:305:80:305:Infinity:306:24:306:55":32,"b:315:25:315:78:315:78:315:83":33,"b:320:126:320:145:320:145:320:159":34,"b:320:66:320:117:320:117:320:122":35,"b:321:24:321:75:321:75:321:78":36,"b:352:37:352:68:352:68:352:Infinity":37,"f:373:35:373:36":6,"s:373:46:373:Infinity":21,"b:431:7:431:22:431:22:431:Infinity:432:8:444:Infinity":38}}}
,"C:\\Users\\Aaron Sequeira\\Roneira-AI-HIFI\\frontend\\src\\components\\settings\\SettingsModal.tsx": {"path":"C:\\Users\\Aaron Sequeira\\Roneira-AI-HIFI\\frontend\\src\\components\\settings\\SettingsModal.tsx","statementMap":{"0":{"start":{"line":15,"column":59},"end":{"line":103,"column":null}},"1":{"start":{"line":16,"column":4},"end":{"line":16,"column":null}},"2":{"start":{"line":16,"column":17},"end":{"line":16,"column":null}},"3":{"start":{"line":18,"column":4},"end":{"line":101,"column":null}}},"fnMap":{"0":{"name":"(anonymous_0)","decl":{"start":{"line":15,"column":59},"end":{"line":15,"column":60}},"loc":{"start":{"line":15,"column":84},"end":{"line":103,"column":null}},"line":15}},"branchMap":{"0":{"loc":{"start":{"line":16,"column":4},"end":{"line":16,"column":null}},"type":"if","locations":[{"start":{"line":16,"column":4},"end":{"line":16,"column":null}},{"start":{},"end":{}}],"line":16}},"s":{"0":1,"1":4,"2":4,"3":0},"f":{"0":4},"b":{"0":[4,0]},"meta":{"lastBranch":1,"lastFunction":1,"lastStatement":4,"seen":{"s:15:59:103:Infinity":0,"f:15:59:15:60":0,"b:16:4:16:Infinity:undefined:undefined:undefined:undefined":0,"s:16:4:16:Infinity":1,"s:16:17:16:Infinity":2,"s:18:4:101:Infinity":3}}}
,"C:\\Users\\Aaron Sequeira\\Roneira-AI-HIFI\\frontend\\src\\components\\ui\\ErrorBoundary.tsx": {"path":"C:\\Users\\Aaron Sequeira\\Roneira-AI-HIFI\\frontend\\src\\components\\ui\\ErrorBoundary.tsx","statementMap":{"0":{"start":{"line":46,"column":16},"end":{"line":48,"column":null}},"1":{"start":{"line":28,"column":4},"end":{"line":28,"column":null}},"2":{"start":{"line":29,"column":4},"end":{"line":29,"column":null}},"3":{"start":{"line":33,"column":4},"end":{"line":33,"column":null}},"4":{"start":{"line":37,"column":4},"end":{"line":37,"column":null}},"5":{"start":{"line":40,"column":4},"end":{"line":43,"column":null}},"6":{"start":{"line":47,"column":4},"end":{"line":47,"column":null}},"7":{"start":{"line":51,"column":4},"end":{"line":102,"column":null}},"8":{"start":{"line":52,"column":6},"end":{"line":54,"column":null}},"9":{"start":{"line":53,"column":8},"end":{"line":53,"column":null}},"10":{"start":{"line":56,"column":6},"end":{"line":100,"column":null}},"11":{"start":{"line":93,"column":31},"end":{"line":93,"column":null}},"12":{"start":{"line":104,"column":4},"end":{"line":104,"column":null}}},"fnMap":{"0":{"name":"(anonymous_0)","decl":{"start":{"line":27,"column":2},"end":{"line":27,"column":14}},"loc":{"start":{"line":27,"column":41},"end":{"line":30,"column":null}},"line":27},"1":{"name":"(anonymous_1)","decl":{"start":{"line":32,"column":9},"end":{"line":32,"column":34}},"loc":{"start":{"line":32,"column":68},"end":{"line":34,"column":null}},"line":32},"2":{"name":"(anonymous_2)","decl":{"start":{"line":36,"column":2},"end":{"line":36,"column":20}},"loc":{"start":{"line":36,"column":56},"end":{"line":44,"column":null}},"line":36},"3":{"name":"(anonymous_3)","decl":{"start":{"line":46,"column":16},"end":{"line":46,"column":22}},"loc":{"start":{"line":46,"column":22},"end":{"line":48,"column":null}},"line":46},"4":{"name":"(anonymous_4)","decl":{"start":{"line":50,"column":2},"end":{"line":50,"column":11}},"loc":{"start":{"line":50,"column":11},"end":{"line":105,"column":null}},"line":50},"5":{"name":"(anonymous_5)","decl":{"start":{"line":93,"column":25},"end":{"line":93,"column":31}},"loc":{"start":{"line":93,"column":31},"end":{"line":93,"column":null}},"line":93}},"branchMap":{"0":{"loc":{"start":{"line":40,"column":4},"end":{"line":43,"column":null}},"type":"if","locations":[{"start":{"line":40,"column":4},"end":{"line":43,"column":null}},{"start":{},"end":{}}],"line":40},"1":{"loc":{"start":{"line":51,"column":4},"end":{"line":102,"column":null}},"type":"if","locations":[{"start":{"line":51,"column":4},"end":{"line":102,"column":null}},{"start":{},"end":{}}],"line":51},"2":{"loc":{"start":{"line":52,"column":6},"end":{"line":54,"column":null}},"type":"if","locations":[{"start":{"line":52,"column":6},"end":{"line":54,"column":null}},{"start":{},"end":{}}],"line":52},"3":{"loc":{"start":{"line":72,"column":13},"end":{"line":80,"column":null}},"type":"binary-expr","locations":[{"start":{"line":72,"column":13},"end":{"line":72,"column":36}},{"start":{"line":72,"column":36},"end":{"line":72,"column":null}},{"start":{"line":73,"column":14},"end":{"line":80,"column":null}}],"line":72}},"s":{"0":0,"1":1,"2":1,"3":0,"4":0,"5":0,"6":0,"7":1,"8":0,"9":0,"10":0,"11":0,"12":1},"f":{"0":1,"1":1,"2":0,"3":0,"4":1,"5":0},"b":{"0":[0,0],"1":[0,1],"2":[0,0],"3":[0,0,0]},"meta":{"lastBranch":4,"lastFunction":6,"lastStatement":13,"seen":{"s:46:16:48:Infinity":0,"f:27:2:27:14":0,"s:28:4:28:Infinity":1,"s:29:4:29:Infinity":2,"f:32:9:32:34":1,"s:33:4:33:Infinity":3,"f:36:2:36:20":2,"s:37:4:37:Infinity":4,"b:40:4:43:Infinity:undefined:undefined:undefined:undefined":0,"s:40:4:43:Infinity":5,"f:46:16:46:22":3,"s:47:4:47:Infinity":6,"f:50:2:50:11":4,"b:51:4:102:Infinity:undefined:undefined:undefined:undefined":1,"s:51:4:102:Infinity":7,"b:52:6:54:Infinity:undefined:undefined:undefined:undefined":2,"s:52:6:54:Infinity":8,"s:53:8:53:Infinity":9,"s:56:6:100:Infinity":10,"b:72:13:72:36:72:36:72:Infinity:73:14:80:Infinity":3,"f:93:25:93:31":5,"s:93:31:93:Infinity":11,"s:104:4:104:Infinity":12}}}
,"C:\\Users\\Aaron Sequeira\\Roneira-AI-HIFI\\frontend\\src\\components\\ui\\LoadingSpinner.tsx": {"path":"C:\\Users\\Aaron Sequeira\\Roneira-AI-HIFI\\frontend\\src\\components\\ui\\LoadingSpinner.tsx","statementMap":{"0":{"start":{"line":18,"column":61},"end":{"line":34,"column":null}},"1":{"start":{"line":23,"column":22},"end":{"line":27,"column":null}},"2":{"start":{"line":29,"column":2},"end":{"line":32,"column":null}}},"fnMap":{"0":{"name":"(anonymous_0)","decl":{"start":{"line":18,"column":61},"end":{"line":18,"column":62}},"loc":{"start":{"line":22,"column":6},"end":{"line":34,"column":null}},"line":22}},"branchMap":{"0":{"loc":{"start":{"line":19,"column":2},"end":{"line":19,"column":null}},"type":"default-arg","locations":[{"start":{"line":19,"column":9},"end":{"line":19,"column":null}}],"line":19},"1":{"loc":{"start":{"line":20,"column":2},"end":{"line":20,"column":null}},"type":"default-arg","locations":[{"start":{"line":20,"column":10},"end":{"line":20,"column":null}}],"line":20},"2":{"loc":{"start":{"line":21,"column":2},"end":{"line":21,"column":null}},"type":"default-arg","locations":[{"start":{"line":21,"column":14},"end":{"line":21,"column":null}}],"line":21}},"s":{"0":1,"1":2,"2":2},"f":{"0":2},"b":{"0":[2],"1":[2],"2":[2]},"meta":{"lastBranch":3,"lastFunction":1,"lastStatement":3,"seen":{"s:18:61:34:Infinity":0,"f:18:61:18:62":0,"b:19:9:19:Infinity":0,"b:20:10:20:Infinity":1,"b:21:14:21:Infinity":2,"s:23:22:27:Infinity":1,"s:29:2:32:Infinity":2}}}
,"C:\\Users\\Aaron Sequeira\\Roneira-AI-HIFI\\frontend\\src\\features\\Shell\\App.tsx": {"path":"C:\\Users\\Aaron Sequeira\\Roneira-AI-HIFI\\frontend\\src\\features\\Shell\\App.tsx","statementMap":{"0":{"start":{"line":44,"column":25},"end":{"line":53,"column":null}},"1":{"start":{"line":57,"column":41},"end":{"line":254,"column":null}},"2":{"start":{"line":66,"column":2},"end":{"line":66,"column":null}},"3":{"start":{"line":68,"column":8},"end":{"line":68,"column":null}},"4":{"start":{"line":69,"column":8},"end":{"line":69,"column":null}},"5":{"start":{"line":72,"column":2},"end":{"line":77,"column":null}},"6":{"start":{"line":73,"column":17},"end":{"line":73,"column":null}},"7":{"start":{"line":74,"column":4},"end":{"line":76,"column":null}},"8":{"start":{"line":75,"column":6},"end":{"line":75,"column":null}},"9":{"start":{"line":80,"column":52},"end":{"line":81,"column":null}},"10":{"start":{"line":82,"column":40},"end":{"line":82,"column":null}},"11":{"start":{"line":84,"column":8},"end":{"line":101,"column":null}},"12":{"start":{"line":85,"column":4},"end":{"line":100,"column":null}},"13":{"start":{"line":87,"column":25},"end":{"line":87,"column":null}},"14":{"start":{"line":89,"column":6},"end":{"line":89,"column":null}},"15":{"start":{"line":92,"column":6},"end":{"line":92,"column":null}},"16":{"start":{"line":93,"column":6},"end":{"line":93,"column":null}},"17":{"start":{"line":94,"column":6},"end":{"line":94,"column":null}},"18":{"start":{"line":97,"column":6},"end":{"line":97,"column":null}},"19":{"start":{"line":99,"column":6},"end":{"line":99,"column":null}},"20":{"start":{"line":104,"column":2},"end":{"line":106,"column":null}},"21":{"start":{"line":105,"column":4},"end":{"line":105,"column":null}},"22":{"start":{"line":109,"column":2},"end":{"line":122,"column":null}},"23":{"start":{"line":110,"column":4},"end":{"line":110,"column":null}},"24":{"start":{"line":110,"column":24},"end":{"line":110,"column":null}},"25":{"start":{"line":112,"column":32},"end":{"line":119,"column":null}},"26":{"start":{"line":113,"column":6},"end":{"line":118,"column":null}},"27":{"start":{"line":114,"column":27},"end":{"line":114,"column":null}},"28":{"start":{"line":115,"column":8},"end":{"line":115,"column":null}},"29":{"start":{"line":117,"column":8},"end":{"line":117,"column":null}},"30":{"start":{"line":121,"column":4},"end":{"line":121,"column":null}},"31":{"start":{"line":121,"column":17},"end":{"line":121,"column":null}},"32":{"start":{"line":125,"column":8},"end":{"line":128,"column":null}},"33":{"start":{"line":126,"column":4},"end":{"line":126,"column":null}},"34":{"start":{"line":127,"column":4},"end":{"line":127,"column":null}},"35":{"start":{"line":150,"column":2},"end":{"line":164,"column":null}},"36":{"start":{"line":151,"column":4},"end":{"line":162,"column":null}},"37":{"start":{"line":167,"column":2},"end":{"line":185,"column":null}},"38":{"start":{"line":168,"column":4},"end":{"line":183,"column":null}},"39":{"start":{"line":188,"column":2},"end":{"line":252,"column":null}},"40":{"start":{"line":256,"column":51},"end":{"line":296,"column":null}},"41":{"start":{"line":257,"column":2},"end":{"line":294,"column":null}}},"fnMap":{"0":{"name":"(anonymous_0)","decl":{"start":{"line":57,"column":41},"end":{"line":57,"column":47}},"loc":{"start":{"line":57,"column":47},"end":{"line":254,"column":null}},"line":57},"1":{"name":"(anonymous_1)","decl":{"start":{"line":72,"column":12},"end":{"line":72,"column":18}},"loc":{"start":{"line":72,"column":18},"end":{"line":77,"column":5}},"line":72},"2":{"name":"(anonymous_2)","decl":{"start":{"line":84,"column":44},"end":{"line":84,"column":56}},"loc":{"start":{"line":84,"column":56},"end":{"line":101,"column":5}},"line":84},"3":{"name":"(anonymous_3)","decl":{"start":{"line":104,"column":12},"end":{"line":104,"column":18}},"loc":{"start":{"line":104,"column":18},"end":{"line":106,"column":5}},"line":104},"4":{"name":"(anonymous_4)","decl":{"start":{"line":109,"column":12},"end":{"line":109,"column":18}},"loc":{"start":{"line":109,"column":18},"end":{"line":122,"column":5}},"line":109},"5":{"name":"(anonymous_5)","decl":{"start":{"line":112,"column":44},"end":{"line":112,"column":56}},"loc":{"start":{"line":112,"column":56},"end":{"line":119,"column":7}},"line":112},"6":{"name":"(anonymous_6)","decl":{"start":{"line":121,"column":11},"end":{"line":121,"column":17}},"loc":{"start":{"line":121,"column":17},"end":{"line":121,"column":null}},"line":121},"7":{"name":"(anonymous_7)","decl":{"start":{"line":125,"column":48},"end":{"line":125,"column":49}},"loc":{"start":{"line":125,"column":69},"end":{"line":128,"column":5}},"line":125},"8":{"name":"(anonymous_8)","decl":{"start":{"line":256,"column":51},"end":{"line":256,"column":57}},"loc":{"start":{"line":256,"column":57},"end":{"line":296,"column":null}},"line":256}},"branchMap":{"0":{"loc":{"start":{"line":74,"column":4},"end":{"line":76,"column":null}},"type":"if","locations":[{"start":{"line":74,"column":4},"end":{"line":76,"column":null}},{"start":{},"end":{}}],"line":74},"1":{"loc":{"start":{"line":110,"column":4},"end":{"line":110,"column":null}},"type":"if","locations":[{"start":{"line":110,"column":4},"end":{"line":110,"column":null}},{"start":{},"end":{}}],"line":110},"2":{"loc":{"start":{"line":150,"column":2},"end":{"line":164,"column":null}},"type":"if","locations":[{"start":{"line":150,"column":2},"end":{"line":164,"column":null}},{"start":{},"end":{}}],"line":150},"3":{"loc":{"start":{"line":150,"column":6},"end":{"line":150,"column":46}},"type":"binary-expr","locations":[{"start":{"line":150,"column":6},"end":{"line":150,"column":24}},{"start":{"line":150,"column":24},"end":{"line":150,"column":46}}],"line":150},"4":{"loc":{"start":{"line":167,"column":2},"end":{"line":185,"column":null}},"type":"if","locations":[{"start":{"line":167,"column":2},"end":{"line":185,"column":null}},{"start":{},"end":{}}],"line":167},"5":{"loc":{"start":{"line":167,"column":6},"end":{"line":167,"column":49}},"type":"binary-expr","locations":[{"start":{"line":167,"column":6},"end":{"line":167,"column":33}},{"start":{"line":167,"column":33},"end":{"line":167,"column":49}}],"line":167},"6":{"loc":{"start":{"line":208,"column":32},"end":{"line":208,"column":null}},"type":"binary-expr","locations":[{"start":{"line":208,"column":32},"end":{"line":208,"column":55}},{"start":{"line":208,"column":55},"end":{"line":208,"column":null}}],"line":208},"7":{"loc":{"start":{"line":227,"column":32},"end":{"line":227,"column":null}},"type":"binary-expr","locations":[{"start":{"line":227,"column":32},"end":{"line":227,"column":55}},{"start":{"line":227,"column":55},"end":{"line":227,"column":null}}],"line":227},"8":{"loc":{"start":{"line":237,"column":32},"end":{"line":237,"column":null}},"type":"binary-expr","locations":[{"start":{"line":237,"column":32},"end":{"line":237,"column":55}},{"start":{"line":237,"column":55},"end":{"line":237,"column":null}}],"line":237},"9":{"loc":{"start":{"line":289,"column":11},"end":{"line":290,"column":null}},"type":"binary-expr","locations":[{"start":{"line":289,"column":11},"end":{"line":289,"column":null}},{"start":{"line":290,"column":12},"end":{"line":290,"column":null}}],"line":289}},"s":{"0":1,"1":1,"2":5,"3":5,"4":5,"5":5,"6":2,"7":2,"8":1,"9":5,"10":5,"11":5,"12":1,"13":1,"14":1,"15":1,"16":1,"17":1,"18":0,"19":0,"20":5,"21":1,"22":5,"23":2,"24":1,"25":1,"26":0,"27":0,"28":0,"29":0,"30":1,"31":1,"32":5,"33":0,"34":0,"35":5,"36":0,"37":5,"38":0,"39":5,"40":1,"41":1},"f":{"0":5,"1":2,"2":1,"3":1,"4":2,"5":0,"6":1,"7":0,"8":1},"b":{"0":[1,1],"1":[1,1],"2":[0,5],"3":[5,4],"4":[0,5],"5":[5,0],"6":[5,5],"7":[5,5],"8":[5,5],"9":[1,1]},"meta":{"lastBranch":10,"lastFunction":9,"lastStatement":42,"seen":{"s:44:25:53:Infinity":0,"s:57:41:254:Infinity":1,"f:57:41:57:47":0,"s:66:2:66:Infinity":2,"s:68:8:68:Infinity":3,"s:69:8:69:Infinity":4,"s:72:2:77:Infinity":5,"f:72:12:72:18":1,"s:73:17:73:Infinity":6,"b:74:4:76:Infinity:undefined:undefined:undefined:undefined":0,"s:74:4:76:Infinity":7,"s:75:6:75:Infinity":8,"s:80:52:81:Infinity":9,"s:82:40:82:Infinity":10,"s:84:8:101:Infinity":11,"f:84:44:84:56":2,"s:85:4:100:Infinity":12,"s:87:25:87:Infinity":13,"s:89:6:89:Infinity":14,"s:92:6:92:Infinity":15,"s:93:6:93:Infinity":16,"s:94:6:94:Infinity":17,"s:97:6:97:Infinity":18,"s:99:6:99:Infinity":19,"s:104:2:106:Infinity":20,"f:104:12:104:18":3,"s:105:4:105:Infinity":21,"s:109:2:122:Infinity":22,"f:109:12:109:18":4,"b:110:4:110:Infinity:undefined:undefined:undefined:undefined":1,"s:110:4:110:Infinity":23,"s:110:24:110:Infinity":24,"s:112:32:119:Infinity":25,"f:112:44:112:5
[...]
:{"line":45,"column":null}},"12":{"start":{"line":47,"column":2},"end":{"line":93,"column":null}},"13":{"start":{"line":49,"column":28},"end":{"line":49,"column":null}},"14":{"start":{"line":50,"column":4},"end":{"line":54,"column":null}},"15":{"start":{"line":51,"column":21},"end":{"line":51,"column":null}},"16":{"start":{"line":53,"column":6},"end":{"line":53,"column":null}},"17":{"start":{"line":57,"column":20},"end":{"line":57,"column":null}},"18":{"start":{"line":59,"column":21},"end":{"line":61,"column":null}},"19":{"start":{"line":63,"column":4},"end":{"line":65,"column":null}},"20":{"start":{"line":64,"column":6},"end":{"line":64,"column":null}},"21":{"start":{"line":67,"column":17},"end":{"line":67,"column":null}},"22":{"start":{"line":70,"column":19},"end":{"line":81,"column":null}},"23":{"start":{"line":71,"column":16},"end":{"line":71,"column":null}},"24":{"start":{"line":72,"column":6},"end":{"line":80,"column":null}},"25":{"start":{"line":83,"column":4},"end":{"line":88,"column":null}},"26":{"start":{"line":91,"column":4},"end":{"line":91,"column":null}},"27":{"start":{"line":92,"column":4},"end":{"line":92,"column":null}},"28":{"start":{"line":96,"column":30},"end":{"line":107,"column":null}},"29":{"start":{"line":97,"column":23},"end":{"line":97,"column":null}},"30":{"start":{"line":98,"column":2},"end":{"line":106,"column":null}},"31":{"start":{"line":99,"column":21},"end":{"line":99,"column":null}},"32":{"start":{"line":100,"column":4},"end":{"line":100,"column":null}},"33":{"start":{"line":100,"column":22},"end":{"line":100,"column":null}},"34":{"start":{"line":101,"column":19},"end":{"line":101,"column":null}},"35":{"start":{"line":102,"column":4},"end":{"line":102,"column":null}},"36":{"start":{"line":104,"column":4},"end":{"line":104,"column":null}},"37":{"start":{"line":105,"column":4},"end":{"line":105,"column":null}},"38":{"start":{"line":109,"column":31},"end":{"line":124,"column":null}},"39":{"start":{"line":110,"column":23},"end":{"line":110,"column":null}},"40":{"start":{"line":111,"column":2},"end":{"line":123,"column":null}},"41":{"start":{"line":112,"column":21},"end":{"line":116,"column":null}},"42":{"start":{"line":117,"column":4},"end":{"line":117,"column":null}},"43":{"start":{"line":117,"column":22},"end":{"line":117,"column":null}},"44":{"start":{"line":118,"column":19},"end":{"line":118,"column":null}},"45":{"start":{"line":119,"column":4},"end":{"line":119,"column":null}},"46":{"start":{"line":121,"column":4},"end":{"line":121,"column":null}},"47":{"start":{"line":122,"column":4},"end":{"line":122,"column":null}},"48":{"start":{"line":127,"column":33},"end":{"line":146,"column":null}},"49":{"start":{"line":128,"column":23},"end":{"line":128,"column":null}},"50":{"start":{"line":129,"column":2},"end":{"line":145,"column":null}},"51":{"start":{"line":130,"column":21},"end":{"line":130,"column":null}},"52":{"start":{"line":131,"column":4},"end":{"line":131,"column":null}},"53":{"start":{"line":131,"column":22},"end":{"line":131,"column":null}},"54":{"start":{"line":132,"column":19},"end":{"line":132,"column":null}},"55":{"start":{"line":133,"column":4},"end":{"line":133,"column":null}},"56":{"start":{"line":135,"column":4},"end":{"line":135,"column":null}},"57":{"start":{"line":137,"column":4},"end":{"line":144,"column":null}},"58":{"start":{"line":150,"column":31},"end":{"line":161,"column":null}},"59":{"start":{"line":151,"column":23},"end":{"line":151,"column":null}},"60":{"start":{"line":152,"column":2},"end":{"line":160,"column":null}},"61":{"start":{"line":153,"column":21},"end":{"line":153,"column":null}},"62":{"start":{"line":154,"column":4},"end":{"line":154,"column":null}},"63":{"start":{"line":154,"column":22},"end":{"line":154,"column":null}},"64":{"start":{"line":155,"column":19},"end":{"line":155,"column":null}},"65":{"start":{"line":156,"column":4},"end":{"line":156,"column":null}},"66":{"start":{"line":158,"column":4},"end":{"line":158,"column":null}},"67":{"start":{"line":159,"column":4},"end":{"line":159,"column":null}},"68":{"start":{"line":163,"column":34},"end":{"line":178,"column":null}},"69":{"start":{"line":164,"column":23},"end":{"line":164,"column":null}},"70":{"start":{"line":165,"column":2},"end":{"line":177,"column":null}},"71":{"start":{"line":166,"column":21},"end":{"line":170,"column":null}},"72":{"start":{"line":171,"column":4},"end":{"line":171,"column":null}},"73":{"start":{"line":171,"column":22},"end":{"line":171,"column":null}},"74":{"start":{"line":172,"column":19},"end":{"line":172,"column":null}},"75":{"start":{"line":173,"column":4},"end":{"line":173,"column":null}},"76":{"start":{"line":175,"column":4},"end":{"line":175,"column":null}},"77":{"start":{"line":176,"column":4},"end":{"line":176,"column":null}},"78":{"start":{"line":180,"column":31},"end":{"line":191,"column":null}},"79":{"start":{"line":181,"column":23},"end":{"line":181,"column":null}},"80":{"start":{"line":182,"column":2},"end":{"line":190,"column":null}},"81":{"start":{"line":183,"column":21},"end":{"line":183,"column":null}},"82":{"start":{"line":184,"column":4},"end":{"line":184,"column":null}},"83":{"start":{"line":184,"column":22},"end":{"line":184,"column":null}},"84":{"start":{"line":185,"column":19},"end":{"line":185,"column":null}},"85":{"start":{"line":186,"column":4},"end":{"line":186,"column":null}},"86":{"start":{"line":188,"column":4},"end":{"line":188,"column":null}},"87":{"start":{"line":189,"column":4},"end":{"line":189,"column":null}}},"fnMap":{"0":{"name":"(anonymous_0)","decl":{"start":{"line":7,"column":51},"end":{"line":7,"column":null}},"loc":{"start":{"line":7,"column":51},"end":{"line":19,"column":null}},"line":7},"1":{"name":"(anonymous_1)","decl":{"start":{"line":21,"column":21},"end":{"line":21,"column":35}},"loc":{"start":{"line":21,"column":35},"end":{"line":23,"column":null}},"line":21},"2":{"name":"(anonymous_2)","decl":{"start":{"line":31,"column":26},"end":{"line":31,"column":62}},"loc":{"start":{"line":31,"column":62},"end":{"line":37,"column":null}},"line":31},"3":{"name":"(anonymous_3)","decl":{"start":{"line":39,"column":33},"end":{"line":39,"column":73}},"loc":{"start":{"line":39,"column":73},"end":{"line":41,"column":null}},"line":39},"4":{"name":"(anonymous_4)","decl":{"start":{"line":43,"column":35},"end":{"line":43,"column":47}},"loc":{"start":{"line":43,"column":47},"end":{"line":94,"column":null}},"line":43},"5":{"name":"(anonymous_5)","decl":{"start":{"line":70,"column":44},"end":{"line":70,"column":45}},"loc":{"start":{"line":70,"column":88},"end":{"line":81,"column":5}},"line":70},"6":{"name":"(anonymous_6)","decl":{"start":{"line":96,"column":30},"end":{"line":96,"column":37}},"loc":{"start":{"line":96,"column":56},"end":{"line":107,"column":null}},"line":96},"7":{"name":"(anonymous_7)","decl":{"start":{"line":109,"column":31},"end":{"line":109,"column":38}},"loc":{"start":{"line":109,"column":130},"end":{"line":124,"column":null}},"line":109},"8":{"name":"(anonymous_8)","decl":{"start":{"line":127,"column":33},"end":{"line":127,"column":45}},"loc":{"start":{"line":127,"column":45},"end":{"line":146,"column":null}},"line":127},"9":{"name":"(anonymous_9)","decl":{"start":{"line":150,"column":31},"end":{"line":150,"column":43}},"loc":{"start":{"line":150,"column":43},"end":{"line":161,"column":null}},"line":150},"10":{"name":"(anonymous_10)","decl":{"start":{"line":163,"column":34},"end":{"line":163,"column":41}},"loc":{"start":{"line":163,"column":80},"end":{"line":178,"column":null}},"line":163},"11":{"name":"(anonymous_11)","decl":{"start":{"line":180,"column":31},"end":{"line":180,"column":43}},"loc":{"start":{"line":180,"column":43},"end":{"line":191,"column":null}},"line":180}},"branchMap":{"0":{"loc":{"start":{"line":18,"column":9},"end":{"line":18,"column":null}},"type":"binary-expr","locations":[{"start":{"line":18,"column":9},"end":{"line":18,"column":30}},{"start":{"line":18,"column":30},"end":{"line":18,"column":null}}],"line":18},"1":{"loc":{"start":{"line":44,"column":23},"end":{"line":44,"column":null}},"type":"binary-expr","locations":[{"start":{"line":44,"column":23},"end":{"line":44,"column":60}},{"start":{"line":44,"column":60},"end":{"line":44,"column":null}}],"line":44},"2":{"loc":{"start":{"line":45,"column":30},"end":{"line":45,"column":null}},"type":"binary-expr","locations":[{"start":{"line":45,"column":30},"end":{"line":45,"column":74}},{"start":{"line":45,"column":74},"end":{"line":45,"column":null}}],"line":45},"3":{"loc":{"start":{"line":50,"column":4},"end":{"line":54,"column":null}},"type":"if","locations":[{"start":{"line":50,"column":4},"end":{"line":54,"column":null}},{"start":{},"end":{}}],"line":50},"4":{"loc":{"start":{"line":63,"column":4},"end":{"line":65,"column":null}},"type":"if","locations":[{"start":{"line":63,"column":4},"end":{"line":65,"column":null}},{"start":{},"end":{}}],"line":63},"5":{"loc":{"start":{"line":74,"column":14},"end":{"line":74,"column":null}},"type":"binary-expr","locations":[{"start":{"line":74,"column":14},"end":{"line":74,"column":24}},{"start":{"line":74,"column":24},"end":{"line":74,"column":null}}],"line":74},"6":{"loc":{"start":{"line":75,"column":26},"end":{"line":75,"column":40}},"type":"binary-expr","locations":[{"start":{"line":75,"column":26},"end":{"line":75,"column":37}},{"start":{"line":75,"column":37},"end":{"line":75,"column":40}}],"line":75},"7":{"loc":{"start":{"line":76,"column":27},"end":{"line":76,"column":42}},"type":"binary-expr","locations":[{"start":{"line":76,"column":27},"end":{"line":76,"column":39}},{"start":{"line":76,"column":39},"end":{"line":76,"column":42}}],"line":76},"8":{"loc":{"start":{"line":77,"column":34},"end":{"line":77,"column":57}},"type":"binary-expr","locations":[{"start":{"line":77,"column":34},"end":{"line":77,"column":54}},{"start":{"line":77,"column":54},"end":{"line":77,"column":57}}],"line":77},"9":{"loc":{"start":{"line":78,"column":25},"end":{"line":78,"column":40}},"type":"binary-expr","locations":[{"start":{"line":78,"column":25},"end":{"line":78,"column":37}},{"start":{"line":78,"column":37},"end":{"line":78,"column":40}}],"line":78},"10":{"loc":{"start":{"line":97,"column":23},"end":{"line":97,"column":null}},"type":"binary-expr","locations":[{"start":{"line":97,"column":23},"end":{"line":97,"column":60}},{"start":{"line":97,"column":60},"end":{"line":97,"column":null}}],"line":97},"11":{"loc":{"start":{"line":100,"column":4},"end":{"line":100,"column":null}},"type":"if","locations":[{"start":{"line":100,"column":4},"end":{"line":100,"column":null}},{"start":{},"end":{}}],"line":100},"12":{"loc":{"start":{"line":110,"column":23},"end":{"line":110,"column":null}},"type":"binary-expr","locations":[{"start":{"line":110,"column":23},"end":{"line":110,"column":60}},{"start":{"line":110,"column":60},"end":{"line":110,"column":null}}],"line":110},"13":{"loc":{"start":{"line":117,"column":4},"end":{"line":117,"column":null}},"type":"if","locations":[{"start":{"line":117,"column":4},"end":{"line":117,"column":null}},{"start":{},"end":{}}],"line":117},"14":{"loc":{"start":{"line":128,"column":23},"end":{"line":128,"column":null}},"type":"binary-expr","locations":[{"start":{"line":128,"column":23},"end":{"line":128,"column":60}},{"start":{"line":128,"column":60},"end":{"line":128,"column":null}}],"line":128},"15":{"loc":{"start":{"line":131,"column":4},"end":{"line":131,"column":null}},"type":"if","locations":[{"start":{"line":131,"column":4},"end":{"line":131,"column":null}},{"start":{},"end":{}}],"line":131},"16":{"loc":{"start":{"line":151,"column":23},"end":{"line":151,"column":null}},"type":"binary-expr","locations":[{"start":{"line":151,"column":23},"end":{"line":151,"column":60}},{"start":{"line":151,"column":60},"end":{"line":151,"column":null}}],"line":151},"17":{"loc":{"start":{"line":154,"column":4},"end":{"line":154,"column":null}},"type":"if","locations":[{"start":{"line":154,"column":4},"end":{"line":154,"column":null}},{"start":{},"end":{}}],"line":154},"18":{"loc":{"start":{"line":164,"column":23},"end":{"line":164,"column":null}},"type":"binary-expr","locations":[{"start":{"line":164,"column":23},"end":{"line":164,"column":60}},{"start":{"line":164,"column":60},"end":{"line":164,"column":null}}],"line":164},"19":{"loc":{"start":{"line":171,"column":4},"end":{"line":171,"column":null}},"type":"if","locations":[{"start":{"line":171,"column":4},"end":{"line":171,"column":null}},{"start":{},"end":{}}],"line":171},"20":{"loc":{"start":{"line":181,"column":23},"end":{"line":181,"column":null}},"type":"binary-expr","locations":[{"start":{"line":181,"column":23},"end":{"line":181,"column":60}},{"start":{"line":181,"column":60},"end":{"line":181,"column":null}}],"line":181},"21":{"loc":{"start":{"line":184,"column":4},"end":{"line":184,"column":null}},"type":"if","locations":[{"start":{"line":184,"column":4},"end":{"line":184,"column":null}},{"start":{},"end":{}}],"line":184}},"s":{"0":1,"1":0,"2":0,"3":1,"4":0,"5":1,"6":0,"7":1,"8":0,"9":1,"10":0,"11":0,"12":0,"13":0,"14":0,"15":0,"16":0,"17":0,"18":0,"19":0,"20":0,"21":0,"22":0,"23":0,"24":0,"25":0,"26":0,"27":0,"28":1,"29":0,"30":0,"31":0,"32":0,"33":0,"34":0,"35":0,"36":0,"37":0,"38":1,"39":0,"40":0,"41":0,"42":0,"43":0,"44":0,"45":0,"46":0,"47":0,"48":1,"49":0,"50":0,"51":0,"52":0,"53":0,"54":0,"55":0,"56":0,"57":0,"58":1,"59":0,"60":0,"61":0,"62":0,"63":0,"64":0,"65":0,"66":0,"67":0,"68":1,"69":0,"70":0,"71":0,"72":0,"73":0,"74":0,"75":0,"76":0,"77":0,"78":1,"79":0,"80":0,"81":0,"82":0,"83":0,"84":0,"85":0,"86":0,"87":0},"f":{"0":0,"1":0,"2":0,"3":0,"4":0,"5":0,"6":0,"7":0,"8":0,"9":0,"10":0,"11":0},"b":{"0":[0,0],"1":[0,0],"2":[0,0],"3":[0,0],"4":[0,0],"5":[0,0],"6":[0,0],"7":[0,0],"8":[0,0],"9":[0,0],"10":[0,0],"11":[0,0],"12":[0,0],"13":[0,0],"14":[0,0],"15":[0,0],"16":[0,0],"17":[0,0],"18":[0,0],"19":[0,0],"20":[0,0],"21":[0,0]},"meta":{"lastBranch":22,"lastFunction":12,"lastStatement":88,"seen":{"s:7:51:19:Infinity":0,"f:7:51:7:Infinity":0,"s:8:44:17:Infinity":1,"s:18:2:18:Infinity":2,"b:18:9:18:30:18:30:18:Infinity":0,"s:21:21:23:Infinity":3,"f:21:21:21:35":1,"s:22:2:22:Infinity":4,"s:31:26:37:Infinity":5,"f:31:26:31:62":2,"s:32:2:36:Infinity":6,"s:39:33:41:Infinity":7,"f:39:33:39:73":3,"s:40:2:40:Infinity":8,"s:43:35:94:Infinity":9,"f:43:35:43:47":4,"s:44:23:44:Infinity":10,"b:44:23:44:60:44:60:44:Infinity":1,"s:45:30:45:Infinity":11,"b:45:30:45:74:45:74:45:Infinity":2,"s:47:2:93:Infinity":12,"s:49:28:49:Infinity":13,"b:50:4:54:Infinity:undefined:undefined:undefined:undefined":3,"s:50:4:54:Infinity":14,"s:51:21:51:Infinity":15,"s:53:6:53:Infinity":16,"s:57:20:57:Infinity":17,"s:59:21:61:Infinity":18,"b:63:4:65:Infinity:undefined:undefined:undefined:undefined":4,"s:63:4:65:Infinity":19,"s:64:6:64:Infinity":20,"s:67:17:67:Infinity":21,"s:70:19:81:Infinity":22,"f:70:44:70:45":5,"s:71:16:71:Infinity":23,"s:72:6:80:Infinity":24,"b:74:14:74:24:74:24:74:Infinity":5,"b:75:26:75:37:75:37:75:40":6,"b:76:27:76:39:76:39:76:42":7,"b:77:34:77:54:77:54:77:57":8,"b:78:25:78:37:78:37:78:40":9,"s:83:4:88:Infinity":25,"s:91:4:91:Infinity":26,"s:92:4:92:Infinity":27,"s:96:30:107:Infinity":28,"f:96:30:96:37":6,"s:97:23:97:Infinity":29,"b:97:23:97:60:97:60:97:Infinity":10,"s:98:2:106:Infinity":30,"s:99:21:99:Infinity":31,"b:100:4:100:Infinity:undefined:undefined:undefined:undefined":11,"s:100:4:100:Infinity":32,"s:100:22:100:Infinity":33,"s:101:19:101:Infinity":34,"s:102:4:102:Infinity":35,"s:104:4:104:Infinity":36,"s:105:4:105:Infinity":37,"s:109:31:124:Infinity":38,"f:109:31:109:38":7,"s:110:23:110:Infinity":39,"b:110:23:110:60:110:60:110:Infinity":12,"s:111:2:123:Infinity":40,"s:112:21:116:Infinity":41,"b:117:4:117:Infinity:undefined:undefined:undefined:undefined":13,"s:117:4:117:Infinity":42,"s:117:22:117:Infinity":43,"s:118:19:118:Infinity":44,"s:119:4:119:Infinity":45,"s:121:4:121:Infinity":46,"s:122:4:122:Infinity":47,"s:127:33:146:Infinity":48,"f:127:33:127:45":8,"s:128:23:128:Infinity":49,"b:128:23:128:60:128:60:128:Infinity":14,"s:129:2:145:Infinity":50,"s:130:21:130:Infinity":51,"b:131:4:131:Infinity:undefined:undefined:undefined:undefined":15,"s:131:4:131:Infinity":52,"s:131:22:131:Infinity":53,"s:132:19:132:Infinity":54,"s:133:4:133:Infinity":55,"s:135:4:135:Infinity":56,"s:137:4:144:Infinity":57,"s:150:31:161:Infinity":58,"f:150:31:150:43":9,"s:151:23:151:Infinity":59,"b:151:23:151:60:151:60:151:Infinity":16,"s:152:2:160:Infinity":60,"s:153:21:153:Infinity":61,"b:154:4:154:Infinity:undefined:undefined:undefined:undefined":17,"s:154:4:154:Infinity":62,"s:154:22:154:Infinity":63,"s:155:19:155:Infinity":64,"s:156:4:156:Infinity":65,"s:158:4:158:Infinity":66,"s:159:4:159:Infinity":67,"s:163:34:178:Infinity":68,"f:163:34:163:41":10,"s:164:23:164:Infinity":69,"b:164:23:164:60:164:60:164:Infinity":18,"s:165:2:177:Infinity":70,"s:166:21:170:Infinity":71,"b:171:4:171:Infinity:undefined:undefined:undefined:undefined":19,"s:171:4:171:Infinity":72,"s:171:22:171:Infinity":73,"s:172:19:172:Infinity":74,"s:173:4:173:Infinity":75,"s:175:4:175:Infinity":76,"s:176:4:176:Infinity":77,"s:180:31:191:Infinity":78,"f:180:31:180:43":11,"s:181:23:181:Infinity":79,"b:181:23:181:60:181:60:181:Infinity":20,"s:182:2:190:Infinity":80,"s:183:21:183:Infinity":81,"b:184:4:184:Infinity:undefined:undefined:undefined:undefined":21,"s:184:4:184:Infinity":82,"s:184:22:184:Infinity":83,"s:185:19:185:Infinity":84,"s:186:4:186:Infinity":85,"s:188:4:188:Infinity":86,"s:189:4:189:Infinity":87}}}
,"C:\\Users\\Aaron Sequeira\\Roneira-AI-HIFI\\frontend\\src\\store\\financialDataStore.ts": {"path":"C:\\Users\\Aaron Sequeira\\Roneira-AI-HIFI\\frontend\\src\\store\\financialDataStore.ts","statementMap":{"0":{"start":{"line":19,"column":13},"end":{"line":34,"column":null}},"1":{"start":{"line":19,"column":74},"end":{"line":34,"column":2}},"2":{"start":{"line":26,"column":38},"end":{"line":26,"column":null}},"3":{"start":{"line":28,"column":4},"end":{"line":28,"column":null}},"4":{"start":{"line":30,"column":4},"end":{"line":30,"column":null}},"5":{"start":{"line":31,"column":37},"end":{"line":31,"column":null}},"6":{"start":{"line":32,"column":42},"end":{"line":32,"column":null}},"7":{"start":{"line":33,"column":40},"end":{"line":33,"column":null}}},"fnMap":{"0":{"name":"(anonymous_0)","decl":{"start":{"line":19,"column":64},"end":{"line":19,"column":65}},"loc":{"start":{"line":19,"column":74},"end":{"line":34,"column":2}},"line":19},"1":{"name":"(anonymous_1)","decl":{"start":{"line":26,"column":26},"end":{"line":26,"column":27}},"loc":{"start":{"line":26,"column":38},"end":{"line":26,"column":null}},"line":26},"2":{"name":"(anonymous_2)","decl":{"start":{"line":27,"column":27},"end":{"line":27,"column":28}},"loc":{"start":{"line":28,"column":4},"end":{"line":28,"column":null}},"line":28},"3":{"name":"(anonymous_3)","decl":{"start":{"line":29,"column":30},"end":{"line":29,"column":31}},"loc":{"start":{"line":30,"column":4},"end":{"line":30,"column":null}},"line":30},"4":{"name":"(anonymous_4)","decl":{"start":{"line":31,"column":25},"end":{"line":31,"column":26}},"loc":{"start":{"line":31,"column":37},"end":{"line":31,"column":null}},"line":31},"5":{"name":"(anonymous_5)","decl":{"start":{"line":32,"column":23},"end":{"line":32,"column":24}},"loc":{"start":{"line":32,"column":42},"end":{"line":32,"column":null}},"line":32},"6":{"name":"(anonymous_6)","decl":{"start":{"line":33,"column":24},"end":{"line":33,"column":25}},"loc":{"start":{"line":33,"column":40},"end":{"line":33,"column":null}},"line":33}},"branchMap":{},"s":{"0":1,"1":1,"2":0,"3":0,"4":0,"5":1,"6":0,"7":0},"f":{"0":1,"1":0,"2":0,"3":0,"4":1,"5":0,"6":0},"b":{},"meta":{"lastBranch":0,"lastFunction":7,"lastStatement":8,"seen":{"s:19:13:34:Infinity":0,"f:19:64:19:65":0,"s:19:74:34:2":1,"f:26:26:26:27":1,"s:26:38:26:Infinity":2,"f:27:27:27:28":2,"s:28:4:28:Infinity":3,"f:29:30:29:31":3,"s:30:4:30:Infinity":4,"f:31:25:31:26":4,"s:31:37:31:Infinity":5,"f:32:23:32:24":5,"s:32:42:32:Infinity":6,"f:33:24:33:25":6,"s:33:40:33:Infinity":7}}}
}
