{"C:\\Users\\Aaron Sequeira\\Roneira-AI-HIFI\\backend\\src\\server.ts": {"path":"C:\\Users\\Aaron Sequeira\\Roneira-AI-HIFI\\backend\\src\\server.ts","statementMap":{"0":{"start":{"line":15,"column":0},"end":{"line":15,"column":80}},"1":{"start":{"line":16,"column":0},"end":{"line":16,"column":59}},"2":{"start":{"line":17,"column":0},"end":{"line":17,"column":42}},"3":{"start":{"line":18,"column":0},"end":{"line":18,"column":24}},"4":{"start":{"line":19,"column":0},"end":{"line":19,"column":28}},"5":{"start":{"line":20,"column":0},"end":{"line":20,"column":43}},"6":{"start":{"line":21,"column":0},"end":{"line":21,"column":38}},"7":{"start":{"line":22,"column":0},"end":{"line":22,"column":28}},"8":{"start":{"line":23,"column":0},"end":{"line":23,"column":28}},"9":{"start":{"line":24,"column":0},"end":{"line":24,"column":49}},"10":{"start":{"line":25,"column":0},"end":{"line":25,"column":36}},"11":{"start":{"line":26,"column":0},"end":{"line":26,"column":58}},"12":{"start":{"line":29,"column":0},"end":{"line":29,"column":16}},"13":{"start":{"line":67,"column":4},"end":{"line":67,"column":57}},"14":{"start":{"line":68,"column":4},"end":{"line":68,"column":94}},"15":{"start":{"line":69,"column":4},"end":{"line":69,"column":83}},"16":{"start":{"line":70,"column":4},"end":{"line":70,"column":66}},"17":{"start":{"line":71,"column":4},"end":{"line":71,"column":40}},"18":{"start":{"line":72,"column":4},"end":{"line":72,"column":39}},"19":{"start":{"line":368,"column":10},"end":{"line":371,"column":9}},"20":{"start":{"line":82,"column":4},"end":{"line":82,"column":33}},"21":{"start":{"line":83,"column":4},"end":{"line":83,"column":56}},"22":{"start":{"line":84,"column":4},"end":{"line":84,"column":40}},"23":{"start":{"line":86,"column":4},"end":{"line":86,"column":33}},"24":{"start":{"line":87,"column":4},"end":{"line":87,"column":29}},"25":{"start":{"line":88,"column":4},"end":{"line":88,"column":37}},"26":{"start":{"line":92,"column":4},"end":{"line":92,"column":35}},"27":{"start":{"line":93,"column":4},"end":{"line":93,"column":40}},"28":{"start":{"line":95,"column":4},"end":{"line":103,"column":5}},"29":{"start":{"line":96,"column":6},"end":{"line":102,"column":8}},"30":{"start":{"line":99,"column":40},"end":{"line":99,"column":67}},"31":{"start":{"line":105,"column":4},"end":{"line":112,"column":6}},"32":{"start":{"line":114,"column":25},"end":{"line":123,"column":6}},"33":{"start":{"line":125,"column":4},"end":{"line":125,"column":48}},"34":{"start":{"line":126,"column":4},"end":{"line":126,"column":58}},"35":{"start":{"line":127,"column":4},"end":{"line":127,"column":80}},"36":{"start":{"line":131,"column":4},"end":{"line":131,"column":73}},"37":{"start":{"line":132,"column":4},"end":{"line":132,"column":73}},"38":{"start":{"line":135,"column":4},"end":{"line":135,"column":54}},"39":{"start":{"line":138,"column":4},"end":{"line":142,"column":6}},"40":{"start":{"line":144,"column":4},"end":{"line":144,"column":89}},"41":{"start":{"line":145,"column":4},"end":{"line":145,"column":87}},"42":{"start":{"line":146,"column":4},"end":{"line":146,"column":84}},"43":{"start":{"line":147,"column":4},"end":{"line":147,"column":90}},"44":{"start":{"line":148,"column":4},"end":{"line":151,"column":6}},"45":{"start":{"line":152,"column":4},"end":{"line":154,"column":6}},"46":{"start":{"line":153,"column":6},"end":{"line":153,"column":55}},"47":{"start":{"line":155,"column":4},"end":{"line":157,"column":6}},"48":{"start":{"line":156,"column":6},"end":{"line":156,"column":62}},"49":{"start":{"line":161,"column":4},"end":{"line":161,"column":59}},"50":{"start":{"line":162,"column":4},"end":{"line":162,"column":62}},"51":{"start":{"line":166,"column":4},"end":{"line":193,"column":5}},"52":{"start":{"line":167,"column":30},"end":{"line":167,"column":39}},"53":{"start":{"line":168,"column":6},"end":{"line":176,"column":7}},"54":{"start":{"line":169,"column":35},"end":{"line":171,"column":null}},"55":{"start":{"line":173,"column":8},"end":{"line":173,"column":88}},"56":{"start":{"line":175,"column":8},"end":{"line":175,"column":40}},"57":{"start":{"line":178,"column":29},"end":{"line":178,"column":95}},"58":{"start":{"line":180,"column":49},"end":{"line":187,"column":8}},"59":{"start":{"line":189,"column":6},"end":{"line":189,"column":43}},"60":{"start":{"line":191,"column":6},"end":{"line":191,"column":49}},"61":{"start":{"line":192,"column":6},"end":{"line":192,"column":54}},"62":{"start":{"line":197,"column":30},"end":{"line":225,"column":6}},"63":{"start":{"line":227,"column":4},"end":{"line":227,"column":49}},"64":{"start":{"line":231,"column":19},"end":{"line":231,"column":44}},"65":{"start":{"line":232,"column":4},"end":{"line":235,"column":5}},"66":{"start":{"line":233,"column":6},"end":{"line":233,"column":60}},"67":{"start":{"line":234,"column":6},"end":{"line":234,"column":13}},"68":{"start":{"line":237,"column":4},"end":{"line":267,"column":5}},"69":{"start":{"line":238,"column":57},"end":{"line":238,"column":69}},"70":{"start":{"line":239,"column":31},"end":{"line":239,"column":77}},"71":{"start":{"line":240,"column":30},"end":{"line":240,"column":85}},"72":{"start":{"line":241,"column":35},"end":{"line":241,"column":75}},"73":{"start":{"line":243,"column":6},"end":{"line":245,"column":8}},"74":{"start":{"line":247,"column":34},"end":{"line":260,"column":null}},"75":{"start":{"line":263,"column":6},"end":{"line":263,"column":54}},"76":{"start":{"line":265,"column":6},"end":{"line":265,"column":53}},"77":{"start":{"line":266,"column":6},"end":{"line":266,"column":66}},"78":{"start":{"line":271,"column":4},"end":{"line":323,"column":5}},"79":{"start":{"line":272,"column":52},"end":{"line":272,"column":64}},"80":{"start":{"line":274,"column":6},"end":{"line":285,"column":7}},"81":{"start":{"line":279,"column":8},"end":{"line":283,"column":11}},"82":{"start":{"line":284,"column":8},"end":{"line":284,"column":15}},"83":{"start":{"line":287,"column":6},"end":{"line":294,"column":7}},"84":{"start":{"line":288,"column":8},"end":{"line":292,"column":11}},"85":{"start":{"line":293,"column":8},"end":{"line":293,"column":15}},"86":{"start":{"line":296,"column":32},"end":{"line":298,"column":46}},"87":{"start":{"line":297,"column":25},"end":{"line":297,"column":52}},"88":{"start":{"line":298,"column":28},"end":{"line":298,"column":45}},"89":{"start":{"line":300,"column":34},"end":{"line":312,"column":null}},"90":{"start":{"line":315,"column":6},"end":{"line":319,"column":9}},"91":{"start":{"line":321,"column":6},"end":{"line":321,"column":53}},"92":{"start":{"line":322,"column":6},"end":{"line":322,"column":66}},"93":{"start":{"line":327,"column":4},"end":{"line":341,"column":5}},"94":{"start":{"line":328,"column":34},"end":{"line":330,"column":null}},"95":{"start":{"line":333,"column":6},"end":{"line":337,"column":9}},"96":{"start":{"line":339,"column":6},"end":{"line":339,"column":45}},"97":{"start":{"line":340,"column":6},"end":{"line":340,"column":66}},"98":{"start":{"line":345,"column":4},"end":{"line":364,"column":5}},"99":{"start":{"line":346,"column":51},"end":{"line":346,"column":63}},"100":{"start":{"line":347,"column":25},"end":{"line":347,"column":68}},"101":{"start":{"line":348,"column":23},"end":{"line":348,"column":64}},"102":{"start":{"line":350,"column":34},"end":{"line":353,"column":null}},"103":{"start":{"line":356,"column":6},"end":{"line":360,"column":9}},"104":{"start":{"line":362,"column":6},"end":{"line":362,"column":49}},"105":{"start":{"line":363,"column":6},"end":{"line":363,"column":66}},"106":{"start":{"line":374,"column":20},"end":{"line":374,"column":42}},"107":{"start":{"line":375,"column":22},"end":{"line":375,"column":59}},"108":{"start":{"line":377,"column":4},"end":{"line":382,"column":7}},"109":{"start":{"line":386,"column":20},"end":{"line":386,"column":42}},"110":{"start":{"line":387,"column":46},"end":{"line":387,"column":58}},"111":{"start":{"line":389,"column":4},"end":{"line":391,"column":5}},"112":{"start":{"line":390,"column":6},"end":{"line":390,"column":43}},"113":{"start":{"line":393,"column":30},"end":{"line":393,"column":61}},"114":{"start":{"line":394,"column":36},"end":{"line":394,"column":91}},"115":{"start":{"line":394,"column":71},"end":{"line":394,"column":90}},"116":{"start":{"line":396,"column":4},"end":{"line":419,"column":5}},"117":{"start":{"line":397,"column":6},"end":{"line":416,"column":7}},"118":{"start":{"line":399,"column":25},"end":{"line":399,"column":67}},"119":{"start":{"line":400,"column":33},"end":{"line":400,"column":57}},"120":{"start":{"line":402,"column":10},"end":{"line":402,"column":84}},"121":{"start":{"line":404,"column":8},"end":{"line":408,"column":10}},"122":{"start":{"line":411,"column":8},"end":{"line":415,"column":11}},"123":{"start":{"line":417,"column":11},"end":{"line":419,"column":5}},"124":{"start":{"line":418,"column":6},"end":{"line":418,"column":59}},"125":{"start":{"line":421,"column":4},"end":{"line":427,"column":7}},"126":{"start":{"line":431,"column":4},"end":{"line":442,"column":5}},"127":{"start":{"line":432,"column":6},"end":{"line":432,"column":84}},"128":{"start":{"line":433,"column":11},"end":{"line":442,"column":5}},"129":{"start":{"line":434,"column":24},"end":{"line":434,"column":65}},"130":{"start":{"line":435,"column":6},"end":{"line":439,"column":8}},"131":{"start":{"line":441,"column":6},"end":{"line":441,"column":68}},"132":{"start":{"line":446,"column":4},"end":{"line":446,"column":55}},"133":{"start":{"line":455,"column":4},"end":{"line":455,"column":51}},"134":{"start":{"line":456,"column":4},"end":{"line":458,"column":5}},"135":{"start":{"line":457,"column":6},"end":{"line":457,"column":25}},"136":{"start":{"line":459,"column":4},"end":{"line":459,"column":66}},"137":{"start":{"line":463,"column":29},"end":{"line":466,"column":5}},"138":{"start":{"line":464,"column":6},"end":{"line":464,"column":73}},"139":{"start":{"line":465,"column":6},"end":{"line":465,"column":22}},"140":{"start":{"line":468,"column":4},"end":{"line":468,"column":61}},"141":{"start":{"line":468,"column":32},"end":{"line":468,"column":59}},"142":{"start":{"line":469,"column":4},"end":{"line":469,"column":59}},"143":{"start":{"line":469,"column":31},"end":{"line":469,"column":57}},"144":{"start":{"line":473,"column":4},"end":{"line":473,"column":35}},"145":{"start":{"line":475,"column":4},"end":{"line":489,"column":7}},"146":{"start":{"line":476,"column":6},"end":{"line":476,"column":58}},"147":{"start":{"line":477,"column":6},"end":{"line":477,"column":55}},"148":{"start":{"line":478,"column":6},"end":{"line":478,"column":58}},"149":{"start":{"line":479,"column":6},"end":{"line":479,"column":57}},"150":{"start":{"line":480,"column":6},"end":{"line":480,"column":86}},"151":{"start":{"line":481,"column":6},"end":{"line":481,"column":81}},"152":{"start":{"line":482,"column":6},"end":{"line":482,"column":78}},"153":{"start":{"line":483,"column":6},"end":{"line":485,"column":8}},"154":{"start":{"line":486,"column":6},"end":{"line":486,"column":65}},"155":{"start":{"line":487,"column":6},"end":{"line":487,"column":89}},"156":{"start":{"line":488,"column":6},"end":{"line":488,"column":58}},"157":{"start":{"line":493,"column":4},"end":{"line":493,"column":28}},"158":{"start":{"line":498,"column":0},"end":{"line":501,"column":1}},"159":{"start":{"line":499,"column":25},"end":{"line":499,"column":44}},"160":{"start":{"line":500,"column":2},"end":{"line":500,"column":32}},"161":{"start":{"line":503,"column":0},"end":{"line":503,"column":29}}},"fnMap":{"0":{"name":"(anonymous_8)","decl":{"start":{"line":66,"column":2},"end":{"line":66,"column":null}},"loc":{"start":{"line":66,"column":2},"end":{"line":73,"column":3}}},"1":{"name":"(anonymous_9)","decl":{"start":{"line":81,"column":2},"end":{"line":81,"column":null}},"loc":{"start":{"line":81,"column":2},"end":{"line":89,"column":3}}},"2":{"name":"(anonymous_10)","decl":{"start":{"line":91,"column":10},"end":{"line":91,"column":31}},"loc":{"start":{"line":91,"column":31},"end":{"line":128,"column":3}}},"3":{"name":"(anonymous_11)","decl":{"start":{"line":99,"column":19},"end":{"line":99,"column":20}},"loc":{"start":{"line":99,"column":40},"end":{"line":99,"column":67}}},"4":{"name":"(anonymous_12)","decl":{"start":{"line":130,"column":10},"end":{"line":130,"column":27}},"loc":{"start":{"line":130,"column":27},"end":{"line":158,"column":3}}},"5":{"name":"(anonymous_13)","decl":{"start":{"line":152,"column":45},"end":{"line":152,"column":46}},"loc":{"start":{"line":153,"column":6},"end":{"line":153,"column":55}}},"6":{"name":"(anonymous_14)","decl":{"start":{"line":155,"column":48},"end":{"line":155,"column":49}},"loc":{"start":{"line":156,"column":6},"end":{"line":156,"column":62}}},"7":{"name":"(anonymous_15)","decl":{"start":{"line":160,"column":10},"end":{"line":160,"column":35}},"loc":{"start":{"line":160,"column":35},"end":{"line":163,"column":3}}},"8":{"name":"(anonymous_16)","decl":{"start":{"line":165,"column":16},"end":{"line":165,"column":35}},"loc":{"start":{"line":165,"column":72},"end":{"line":194,"column":null}}},"9":{"name":"(anonymous_18)","decl":{"start":{"line":196,"column":10},"end":{"line":196,"column":32}},"loc":{"start":{"line":196,"column":69},"end":{"line":228,"column":3}}},"10":{"name":"(anonymous_19)","decl":{"start":{"line":230,"column":16},"end":{"line":230,"column":39}},"loc":{"start":{"line":230,"column":76},"end":{"line":268,"column":null}}},"11":{"name":"(anonymous_21)","decl":{"start":{"line":270,"column":16},"end":{"line":270,"column":39}},"loc":{"start":{"line":270,"column":76},"end":{"line":324,"column":null}}},"12":{"name":"(anonymous_23)","decl":{"start":{"line":297,"column":13},"end":{"line":297,"column":14}},"loc":{"start":{"line":297,"column":25},"end":{"line":297,"column":52}}},"13":{"name":"(anonymous_24)","decl":{"start":{"line":298,"column":16},"end":{"line":298,"column":17}},"loc":{"start":{"line":298,"column":28},"end":{"line":298,"column":45}}},"14":{"name":"(anonymous_25)","decl":{"start":{"line":326,"column":16},"end":{"line":326,"column":43}},"loc":{"start":{"line":326,"column":80},"end":{"line":342,"column":null}}},"15":{"name":"(anonymous_27)","decl":{"start":{"line":344,"column":16},"end":{"line":344,"column":35}},"loc":{"start":{"line":344,"column":72},"end":{"line":365,"column":null}}},"16":{"name":"(anonymous_29)","decl":{"start":{"line":373,"column":10},"end":{"line":373,"column":30}},"loc":{"start":{"line":373,"column":67},"end":{"line":383,"column":3}}},"17":{"name":"(anonymous_30)","decl":{"start":{"line":385,"column":10},"end":{"line":385,"column":33}},"loc":{"start":{"line":385,"column":70},"end":{"line":428,"column":3}}},"18":{"name":"(anonymous_31)","decl":{"start":{"line":394,"column":64},"end":{"line":394,"column":65}},"loc":{"start":{"line":394,"column":71},"end":{"line":394,"column":90}}},"19":{"name":"(anonymous_32)","decl":{"start":{"line":430,"column":10},"end":{"line":430,"column":33}},"loc":{"start":{"line":430,"column":71},"end":{"line":443,"column":3}}},"20":{"name":"(anonymous_33)","decl":{"start":{"line":445,"column":10},"end":{"line":445,"column":26}},"loc":{"start":{"line":445,"column":63},"end":{"line":447,"column":3}}},"21":{"name":"(anonymous_34)","decl":{"start":{"line":449,"column":10},"end":{"line":449,"column":29}},"loc":{"start":{"line":453,"column":22},"end":{"line":460,"column":3}}},"22":{"name":"(anonymous_35)","decl":{"start":{"line":462,"column":10},"end":{"line":462,"column":33}},"loc":{"start":{"line":462,"column":33},"end":{"line":470,"column":3}}},"23":{"name":"(anonymous_36)","decl":{"start":{"line":463,"column":29},"end":{"line":463,"column":30}},"loc":{"start":{"line":463,"column":48},"end":{"line":466,"column":5}}},"24":{"name":"(anonymous_37)","decl":{"start":{"line":468,"column":26},"end":{"line":468,"column":29}},"loc":{"start":{"line":468,"column":32},"end":{"line":468,"column":59}}},"25":{"name":"(anonymous_38)","decl":{"start":{"line":469,"column":25},"end":{"line":469,"column":28}},"loc":{"start":{"line":469,"column":31},"end":{"line":469,"column":57}}},"26":{"name":"(anonymous_39)","decl":{"start":{"line":472,"column":9},"end":{"line":472,"column":21}},"loc":{"start":{"line":472,"column":21},"end":{"line":490,"column":3}}},"27":{"name":"(anonymous_40)","decl":{"start":{"line":475,"column":64},"end":{"line":475,"column":67}},"loc":{"start":{"line":475,"column":69},"end":{"line":489,"column":5}}},"28":{"name":"(anonymous_41)","decl":{"start":{"line":492,"column":9},"end":{"line":492,"column":24}},"loc":{"start":{"line":492,"column":24},"end":{"line":494,"column":3}}}},"branchMap":{"0":{"loc":{"start":{"line":67,"column":25},"end":{"line":67,"column":51}},"type":"binary-expr","locations":[{"start":{"line":67,"column":25},"end":{"line":67,"column":41}},{"start":{"line":67,"column":45},"end":{"line":67,"column":51}}]},"1":{"loc":{"start":{"line":68,"column":39},"end":{"line":68,"column":93}},"type":"binary-expr","locations":[{"start":{"line":68,"column":39},"end":{"line":68,"column":65}},{"start":{"line":68,"column":69},"end":{"line":68,"column":93}}]},"2":{"loc":{"start":{"line":69,"column":32},"end":{"line":69,"column":82}},"type":"binary-expr","locations":[{"start":{"line":69,"column":32},"end":{"line":69,"column":55}},{"start":{"line":69,"column":59},"end":{"line":69,"column":82}}]},"3":{"loc":{"start":{"line":70,"column":28},"end":{"line":70,"column":65}},"type":"binary-expr","locations":[{"start":{"line":70,"column":28},"end":{"line":70,"column":48}},{"start":{"line":70,"column":52},"end":{"line":70,"column":65}}]},"4":{"loc":{"start":{"line":95,"column":4},"end":{"line":103,"column":5}},"type":"if","locations":[{"start":{"line":95,"column":4},"end":{"line":103,"column":5}}]},"5":{"loc":{"start":{"line":173,"column":28},"end":{"line":173,"column":87}},"type":"cond-expr","locations":[{"start":{"line":173,"column":64},"end":{"line":173,"column":73}},{"start":{"line":173,"column":76},"end":{"line":173,"column":87}}]},"6":{"loc":{"start":{"line":232,"column":4},"end":{"line":235,"column":5}},"type":"if","locations":[{"start":{"line":232,"column":4},"end":{"line":235,"column":5}}]},"7":{"loc":{"start":{"line":240,"column":48},"end":{"line":240,"column":76}},"type":"binary-expr","locations":[{"start":{"line":240,"column":48},"end":{"line":240,"column":71}},{"start":{"line":240,"column":75},"end":{"line":240,"column":76}}]},"8":{"loc":{"start":{"line":274,"column":6},"end":{"line":285,"column":7}},"type":"if","locations":[{"start":{"line":274,"column":6},"end":{"line":285,"column":7}}]},"9":{"loc":{"start":{"line":275,"column":8},"end":{"line":277,"column":42}},"type":"binary-expr","locations":[{"start":{"line":275,"column":8},"end":{"line":275,"column":30}},{"start":{"line":276,"column":8},"end":{"line":276,"column":45}},{"start":{"line":277,"column":8},"end":{"line":277,"column":42}}]},"10":{"loc":{"start":{"line":287,"column":6},"end":{"line":294,"column":7}},"type":"if","locations":[{"start":{"line":287,"column":6},"end":{"line":294,"column":7}}]},"11":{"loc":{"start":{"line":347,"column":25},"end":{"line":347,"column":68}},"type":"binary-expr","locations":[{"start":{"line":347,"column":25},"end":{"line":347,"column":52}},{"start":{"line":347,"column":56},"end":{"line":347,"column":68}}]},"12":{"loc":{"start":{"line":348,"column":23},"end":{"line":348,"column":64}},"type":"binary-expr","locations":[{"start":{"line":348,"column":23},"end":{"line":348,"column":48}},{"start":{"line":348,"column":52},"end":{"line":348,"column":64}}]},"13":{"loc":{"start":{"line":375,"column":22},"end":{"line":375,"column":59}},"type":"binary-expr","locations":[{"start":{"line":375,"column":22},"end":{"line":375,"column":53}},{"start":{"line":375,"column":57},"end":{"line":375,"column":59}}]},"14":{"loc":{"start":{"line":389,"column":4},"end":{"line":391,"column":5}},"type":"if","locations":[{"start":{"line":389,"column":4},"end":{"line":391,"column":5}}]},"15":{"loc":{"start":{"line":396,"column":4},"end":{"line":419,"column":5}},"type":"if","locations":[{"start":{"line":396,"column":4},"end":{"line":419,"column":5}},{"start":{"line":417,"column":11},"end":{"line":419,"column":5}}]},"16":{"loc":{"start":{"line":397,"column":6},"end":{"line":416,"column":7}},"type":"if","locations":[{"start":{"line":397,"column":6},"end":{"line":416,"column":7}},{"start":{"line":409,"column":13},"end":{"line":416,"column":7}}]},"17":{"loc":{"start":{"line":417,"column":11},"end":{"line":419,"column":5}},"type":"if","locations":[{"start":{"line":417,"column":11},"end":{"line":419,"column":5}}]},"18":{"loc":{"start":{"line":417,"column":15},"end":{"line":417,"column":66}},"type":"binary-expr","locations":[{"start":{"line":417,"column":15},"end":{"line":417,"column":34}},{"start":{"line":417,"column":38},"end":{"line":417,"column":66}}]},"19":{"loc":{"start":{"line":431,"column":4},"end":{"line":442,"column":5}},"type":"if","locations":[{"start":{"line":431,"column":4},"end":{"line":442,"column":5}},{"start":{"line":433,"column":11},"end":{"line":442,"column":5}}]},"20":{"loc":{"start":{"line":431,"column":8},"end":{"line":431,"column":67}},"type":"binary-expr","locations":[{"start":{"line":431,"column":8},"end":{"line":431,"column":37}},{"start":{"line":431,"column":41},"end":{"line":431,"column":67}}]},"21":{"loc":{"start":{"line":433,"column":11},"end":{"line":442,"column":5}},"type":"if","locations":[{"start":{"line":433,"column":11},"end":{"line":442,"column":5}},{"start":{"line":440,"column":11},"end":{"line":442,"column":5}}]},"22":{"loc":{"start":{"line":437,"column":8},"end":{"line":437,"column":58}},"type":"binary-expr","locations":[{"start":{"line":437,"column":8},"end":{"line":437,"column":24}},{"start":{"line":437,"column":28},"end":{"line":437,"column":58}}]},"23":{"loc":{"start":{"line":437,"column":8},"end":{"line":437,"column":24}},"type":"cond-expr","locations":[{"start":{"line":437,"column":17},"end":{"line":437,"column":19}},{"start":{"line":437,"column":8},"end":{"line":437,"column":24}}]},"24":{"loc":{"start":{"line":437,"column":8},"end":{"line":437,"column":19}},"type":"binary-expr","locations":[{"start":{"line":437,"column":8},"end":{"line":437,"column":19}},{"start":{"line":437,"column":8},"end":{"line":437,"column":19}}]},"25":{"loc":{"start":{"line":438,"column":8},"end":{"line":438,"column":36}},"type":"binary-expr","locations":[{"start":{"line":438,"column":8},"end":{"line":438,"column":29}},{"start":{"line":438,"column":33},"end":{"line":438,"column":36}}]},"26":{"loc":{"start":{"line":456,"column":4},"end":{"line":458,"column":5}},"type":"if","locations":[{"start":{"line":456,"column":4},"end":{"line":458,"column":5}}]},"27":{"loc":{"start":{"line":498,"column":0},"end":{"line":501,"column":1}},"type":"if","locations":[{"start":{"line":498,"column":0},"end":{"line":501,"column":1}}]}},"s":{"0":1,"1":1,"2":1,"3":1,"4":1,"5":1,"6":1,"7":1,"8":1,"9":1,"10":1,"11":1,"12":1,"13":1,"14":1,"15":1,"16":1,"17":1,"18":1,"19":1,"20":1,"21":1,"22":1,"23":1,"24":1,"25":1,"26":1,"27":1,"28":1,"29":0,"30":0,"31":1,"32":1,"33":1,"34":1,"35":1,"36":1,"37":1,"38":1,"39":1,"40":1,"41":1,"42":1,"43":1,"44":1,"45":1,"46":0,"47":1,"48":0,"49":1,"50":1,"51":1,"52":1,"53":1,"54":1,"55":0,"56":1,"57":1,"58":1,"59":1,"60":0,"61":0,"62":0,"63":0,"64":0,"65":0,"66":0,"67":0,"68":0,"69":0,"70":0,"71":0,"72":0,"73":0,"74":0,"75":0,"76":0,"77":0,"78":0,"79":0,"80":0,"81":0,"82":0,"83":0,"84":0,"85":0,"86":0,"87":0,"88":0,"89":0,"90":0,"91":0,"92":0,"93":0,"94":0,"95":0,"96":0,"97":0,"98":0,"99":0,"100":0,"101":0,"102":0,"103":0,"104":0,"105":0,"106":0,"107":0,"108":0,"109":0,"110":0,"111":0,"112":0,"113":0,"114":0,"115":0,"116":0,"117":0,"118":0,"119":0,"120":0,"121":0,"122":0,"123":0,"124":0,"125":0,"126":0,"127":0,"128":0,"129":0,"130":0,"131":0,"132":0,"133":0,"134":0,"135":0,"136":0,"137":0,"138":0,"139":0,"140":0,"141":0,"142":0,"143":0,"144":0,"145":0,"146":0,"147":0,"148":0,"149":0,"150":0,"151":0,"152":0,"153":0,"154":0,"155":0,"156":0,"157":1,"158":1,"159":0,"160":0,"161":1},"f":{"0":1,"1":1,"2":1,"3":0,"4":1,"5":0,"6":0,"7":1,"8":1,"9":0,"10":0,"11":0,"12":0,"13":0,"14":0,"15":0,"16":0,"17":0,"18":0,"19":0,"20":0,"21":0,"22":0,"23":0,"24":0,"25":0,"26":0,"27":0,"28":1},"b":{"0":[1,0],"1":[1,0],"2":[1,0],"3":[1,0],"4":[0],"5":[0,0],"6":[0],"7":[0,0],"8":[0],"9":[0,0,0],"10":[0],"11":[0,0],"12":[0,0],"13":[0,0],"14":[0],"15":[0,0],"16":[0,0],"17":[0],"18":[0,0],"19":[0,0],"20":[0,0],"21":[0,0],"22":[0,0],"23":[0,0],"24":[0,0],"25":[0,0],"26":[0],"27":[0]}}
,"C:\\Users\\Aaron Sequeira\\Roneira-AI-HIFI\\backend\\src\\routes\\marketRoutes.ts": {"path":"C:\\Users\\Aaron Sequeira\\Roneira-AI-HIFI\\backend\\src\\routes\\marketRoutes.ts","statementMap":{"0":{"start":{"line":1,"column":0},"end":{"line":1,"column":53}},"1":{"start":{"line":2,"column":0},"end":{"line":2,"column":26}},"2":{"start":{"line":3,"column":0},"end":{"line":3,"column":72}},"3":{"start":{"line":5,"column":15},"end":{"line":5,"column":31}},"4":{"start":{"line":7,"column":30},"end":{"line":7,"column":73}},"5":{"start":{"line":8,"column":17},"end":{"line":8,"column":52}},"6":{"start":{"line":21,"column":45},"end":{"line":32,"column":2}},"7":{"start":{"line":37,"column":24},"end":{"line":88,"column":2}},"8":{"start":{"line":37,"column":77},"end":{"line":88,"column":2}},"9":{"start":{"line":38,"column":19},"end":{"line":38,"column":36}},"10":{"start":{"line":41,"column":17},"end":{"line":41,"column":46}},"11":{"start":{"line":42,"column":2},"end":{"line":45,"column":3}},"12":{"start":{"line":43,"column":4},"end":{"line":43,"column":43}},"13":{"start":{"line":44,"column":4},"end":{"line":44,"column":32}},"14":{"start":{"line":47,"column":2},"end":{"line":87,"column":3}},"15":{"start":{"line":48,"column":4},"end":{"line":48,"column":70}},"16":{"start":{"line":49,"column":21},"end":{"line":56,"column":6}},"17":{"start":{"line":58,"column":18},"end":{"line":58,"column":47}},"18":{"start":{"line":60,"column":4},"end":{"line":63,"column":5}},"19":{"start":{"line":61,"column":6},"end":{"line":61,"column":44}},"20":{"start":{"line":62,"column":6},"end":{"line":62,"column":18}},"21":{"start":{"line":65,"column":18},"end":{"line":65,"column":53}},"22":{"start":{"line":66,"column":19},"end":{"line":66,"column":55}},"23":{"start":{"line":67,"column":26},"end":{"line":67,"column":91}},"24":{"start":{"line":68,"column":19},"end":{"line":68,"column":53}},"25":{"start":{"line":70,"column":34},"end":{"line":77,"column":6}},"26":{"start":{"line":80,"column":4},"end":{"line":80,"column":49}},"27":{"start":{"line":81,"column":4},"end":{"line":81,"column":46}},"28":{"start":{"line":83,"column":4},"end":{"line":83,"column":21}},"29":{"start":{"line":85,"column":4},"end":{"line":85,"column":64}},"30":{"start":{"line":86,"column":4},"end":{"line":86,"column":16}},"31":{"start":{"line":94,"column":0},"end":{"line":167,"column":3}},"32":{"start":{"line":94,"column":62},"end":{"line":167,"column":2}},"33":{"start":{"line":95,"column":19},"end":{"line":95,"column":36}},"34":{"start":{"line":98,"column":17},"end":{"line":98,"column":46}},"35":{"start":{"line":99,"column":2},"end":{"line":106,"column":3}},"36":{"start":{"line":100,"column":4},"end":{"line":100,"column":52}},"37":{"start":{"line":101,"column":4},"end":{"line":105,"column":7}},"38":{"start":{"line":108,"column":2},"end":{"line":166,"column":3}},"39":{"start":{"line":109,"column":4},"end":{"line":109,"column":53}},"40":{"start":{"line":112,"column":20},"end":{"line":112,"column":53}},"41":{"start":{"line":115,"column":41},"end":{"line":115,"column":43}},"42":{"start":{"line":117,"column":4},"end":{"line":128,"column":5}},"43":{"start":{"line":117,"column":17},"end":{"line":117,"column":18}},"44":{"start":{"line":118,"column":20},"end":{"line":118,"column":53}},"45":{"start":{"line":119,"column":6},"end":{"line":121,"column":7}},"46":{"start":{"line":120,"column":8},"end":{"line":120,"column":35}},"47":{"start":{"line":124,"column":6},"end":{"line":127,"column":7}},"48":{"start":{"line":125,"column":8},"end":{"line":125,"column":94}},"49":{"start":{"line":126,"column":8},"end":{"line":126,"column":67}},"50":{"start":{"line":126,"column":39},"end":{"line":126,"column":65}},"51":{"start":{"line":131,"column":27},"end":{"line":131,"column":76}},"52":{"start":{"line":131,"column":56},"end":{"line":131,"column":68}},"53":{"start":{"line":132,"column":24},"end":{"line":132,"column":45}},"54":{"start":{"line":133,"column":27},"end":{"line":133,"column":98}},"55":{"start":{"line":135,"column":27},"end":{"line":135,"column":36}},"56":{"start":{"line":136,"column":4},"end":{"line":139,"column":38}},"57":{"start":{"line":136,"column":30},"end":{"line":136,"column":59}},"58":{"start":{"line":137,"column":9},"end":{"line":139,"column":38}},"59":{"start":{"line":137,"column":35},"end":{"line":137,"column":73}},"60":{"start":{"line":138,"column":9},"end":{"line":139,"column":38}},"61":{"start":{"line":138,"column":35},"end":{"line":138,"column":73}},"62":{"start":{"line":139,"column":9},"end":{"line":139,"column":38}},"63":{"start":{"line":141,"column":25},"end":{"line":148,"column":6}},"64":{"start":{"line":151,"column":4},"end":{"line":151,"column":53}},"65":{"start":{"line":152,"column":4},"end":{"line":152,"column":54}},"66":{"start":{"line":154,"column":4},"end":{"line":158,"column":7}},"67":{"start":{"line":160,"column":4},"end":{"line":160,"column":54}},"68":{"start":{"line":161,"column":4},"end":{"line":165,"column":7}},"69":{"start":{"line":173,"column":0},"end":{"line":199,"column":3}},"70":{"start":{"line":173,"column":67},"end":{"line":199,"column":2}},"71":{"start":{"line":174,"column":2},"end":{"line":198,"column":3}},"72":{"start":{"line":175,"column":23},"end":{"line":175,"column":33}},"73":{"start":{"line":176,"column":4},"end":{"line":176,"column":48}},"74":{"start":{"line":178,"column":18},"end":{"line":178,"column":61}},"75":{"start":{"line":180,"column":4},"end":{"line":185,"column":5}},"76":{"start":{"line":181,"column":6},"end":{"line":184,"column":9}},"77":{"start":{"line":187,"column":4},"end":{"line":191,"column":7}},"78":{"start":{"line":193,"column":4},"end":{"line":193,"column":50}},"79":{"start":{"line":194,"column":4},"end":{"line":197,"column":7}},"80":{"start":{"line":205,"column":0},"end":{"line":226,"column":3}},"81":{"start":{"line":205,"column":60},"end":{"line":226,"column":2}},"82":{"start":{"line":206,"column":2},"end":{"line":225,"column":3}},"83":{"start":{"line":209,"column":4},"end":{"line":218,"column":7}},"84":{"start":{"line":220,"column":4},"end":{"line":220,"column":58}},"85":{"start":{"line":221,"column":4},"end":{"line":224,"column":7}},"86":{"start":{"line":228,"column":0},"end":{"line":228,"column":22}}},"fnMap":{"0":{"name":"(anonymous_8)","decl":{"start":{"line":37,"column":24},"end":{"line":37,"column":31}},"loc":{"start":{"line":37,"column":77},"end":{"line":88,"column":2}}},"1":{"name":"(anonymous_9)","decl":{"start":{"line":37,"column":77},"end":{"line":37,"column":null}},"loc":{"start":{"line":37,"column":77},"end":{"line":88,"column":1}}},"2":{"name":"(anonymous_10)","decl":{"start":{"line":94,"column":24},"end":{"line":94,"column":31}},"loc":{"start":{"line":94,"column":62},"end":{"line":167,"column":2}}},"3":{"name":"(anonymous_11)","decl":{"start":{"line":94,"column":62},"end":{"line":94,"column":null}},"loc":{"start":{"line":94,"column":62},"end":{"line":167,"column":1}}},"4":{"name":"(anonymous_12)","decl":{"start":{"line":126,"column":26},"end":{"line":126,"column":27}},"loc":{"start":{"line":126,"column":39},"end":{"line":126,"column":65}}},"5":{"name":"(anonymous_13)","decl":{"start":{"line":131,"column":49},"end":{"line":131,"column":50}},"loc":{"start":{"line":131,"column":56},"end":{"line":131,"column":68}}},"6":{"name":"(anonymous_14)","decl":{"start":{"line":173,"column":29},"end":{"line":173,"column":36}},"loc":{"start":{"line":173,"column":67},"end":{"line":199,"column":2}}},"7":{"name":"(anonymous_15)","decl":{"start":{"line":173,"column":67},"end":{"line":173,"column":null}},"loc":{"start":{"line":173,"column":67},"end":{"line":199,"column":1}}},"8":{"name":"(anonymous_16)","decl":{"start":{"line":205,"column":22},"end":{"line":205,"column":29}},"loc":{"start":{"line":205,"column":60},"end":{"line":226,"column":2}}},"9":{"name":"(anonymous_17)","decl":{"start":{"line":205,"column":60},"end":{"line":205,"column":null}},"loc":{"start":{"line":205,"column":60},"end":{"line":226,"column":1}}}},"branchMap":{"0":{"loc":{"start":{"line":7,"column":30},"end":{"line":7,"column":73}},"type":"binary-expr","locations":[{"start":{"line":7,"column":30},"end":{"line":7,"column":63}},{"start":{"line":7,"column":67},"end":{"line":7,"column":73}}]},"1":{"loc":{"start":{"line":42,"column":2},"end":{"line":45,"column":3}},"type":"if","locations":[{"start":{"line":42,"column":2},"end":{"line":45,"column":3}}]},"2":{"loc":{"start":{"line":60,"column":4},"end":{"line":63,"column":5}},"type":"if","locations":[{"start":{"line":60,"column":4},"end":{"line":63,"column":5}}]},"3":{"loc":{"start":{"line":60,"column":8},"end":{"line":60,"column":49}},"type":"binary-expr","locations":[{"start":{"line":60,"column":8},"end":{"line":60,"column":14}},{"start":{"line":60,"column":18},"end":{"line":60,"column":49}}]},"4":{"loc":{"start":{"line":65,"column":29},"end":{"line":65,"column":52}},"type":"binary-expr","locations":[{"start":{"line":65,"column":29},"end":{"line":65,"column":47}},{"start":{"line":65,"column":51},"end":{"line":65,"column":52}}]},"5":{"loc":{"start":{"line":66,"column":30},"end":{"line":66,"column":54}},"type":"binary-expr","locations":[{"start":{"line":66,"column":30},"end":{"line":66,"column":49}},{"start":{"line":66,"column":53},"end":{"line":66,"column":54}}]},"6":{"loc":{"start":{"line":67,"column":38},"end":{"line":67,"column":72}},"type":"binary-expr","locations":[{"start":{"line":67,"column":38},"end":{"line":67,"column":65}},{"start":{"line":67,"column":69},"end":{"line":67,"column":72}}]},"7":{"loc":{"start":{"line":68,"column":28},"end":{"line":68,"column":52}},"type":"binary-expr","locations":[{"start":{"line":68,"column":28},"end":{"line":68,"column":47}},{"start":{"line":68,"column":51},"end":{"line":68,"column":52}}]},"8":{"loc":{"start":{"line":72,"column":12},"end":{"line":72,"column":42}},"type":"binary-expr","locations":[{"start":{"line":72,"column":12},"end":{"line":72,"column":32}},{"start":{"line":72,"column":36},"end":{"line":72,"column":42}}]},"9":{"loc":{"start":{"line":99,"column":2},"end":{"line":106,"column":3}},"type":"if","locations":[{"start":{"line":99,"column":2},"end":{"line":106,"column":3}}]},"10":{"loc":{"start":{"line":119,"column":6},"end":{"line":121,"column":7}},"type":"if","locations":[{"start":{"line":119,"column":6},"end":{"line":121,"column":7}}]},"11":{"loc":{"start":{"line":124,"column":6},"end":{"line":127,"column":7}},"type":"if","locations":[{"start":{"line":124,"column":6},"end":{"line":127,"column":7}}]},"12":{"loc":{"start":{"line":133,"column":27},"end":{"line":133,"column":98}},"type":"cond-expr","locations":[{"start":{"line":133,"column":45},"end":{"line":133,"column":93}},{"start":{"line":133,"column":96},"end":{"line":133,"column":98}}]},"13":{"loc":{"start":{"line":136,"column":4},"end":{"line":139,"column":38}},"type":"if","locations":[{"start":{"line":136,"column":4},"end":{"line":139,"column":38}},{"start":{"line":137,"column":9},"end":{"line":139,"column":38}}]},"14":{"loc":{"start":{"line":137,"column":9},"end":{"line":139,"column":38}},"type":"if","locations":[{"start":{"line":137,"column":9},"end":{"line":139,"column":38}},{"start":{"line":138,"column":9},"end":{"line":139,"column":38}}]},"15":{"loc":{"start":{"line":138,"column":9},"end":{"line":139,"column":38}},"type":"if","locations":[{"start":{"line":138,"column":9},"end":{"line":139,"column":38}},{"start":{"line":139,"column":9},"end":{"line":139,"column":38}}]},"16":{"loc":{"start":{"line":180,"column":4},"end":{"line":185,"column":5}},"type":"if","locations":[{"start":{"line":180,"column":4},"end":{"line":185,"column":5}}]}},"s":{"0":1,"1":1,"2":1,"3":1,"4":1,"5":1,"6":1,"7":1,"8":0,"9":0,"10":0,"11":0,"12":0,"13":0,"14":0,"15":0,"16":0,"17":0,"18":0,"19":0,"20":0,"21":0,"22":0,"23":0,"24":0,"25":0,"26":0,"27":0,"28":0,"29":0,"30":0,"31":1,"32":0,"33":0,"34":0,"35":0,"36":0,"37":0,"38":0,"39":0,"40":0,"41":0,"42":0,"43":0,"44":0,"45":0,"46":0,"47":0,"48":0,"49":0,"50":0,"51":0,"52":0,"53":0,"54":0,"55":0,"56":0,"57":0,"58":0,"59":0,"60":0,"61":0,"62":0,"63":0,"64":0,"65":0,"66":0,"67":0,"68":0,"69":1,"70":0,"71":0,"72":0,"73":0,"74":0,"75":0,"76":0,"77":0,"78":0,"79":0,"80":1,"81":0,"82":0,"83":0,"84":0,"85":0,"86":1},"f":{"0":0,"1":0,"2":0,"3":0,"4":0,"5":0,"6":0,"7":0,"8":0,"9":0},"b":{"0":[1,1],"1":[0],"2":[0],"3":[0,0],"4":[0,0],"5":[0,0],"6":[0,0],"7":[0,0],"8":[0,0],"9":[0],"10":[0],"11":[0],"12":[0,0],"13":[0,0],"14":[0,0],"15":[0,0],"16":[0]}}
,"C:\\Users\\Aaron Sequeira\\Roneira-AI-HIFI\\backend\\src\\services\\cacheService.ts": {"path":"C:\\Users\\Aaron Sequeira\\Roneira-AI-HIFI\\backend\\src\\services\\cacheService.ts","statementMap":{"0":{"start":{"line":21,"column":0},"end":{"line":21,"column":22}},"1":{"start":{"line":49,"column":0},"end":{"line":49,"column":22}},"2":{"start":{"line":66,"column":0},"end":{"line":66,"column":22}},"3":{"start":{"line":78,"column":0},"end":{"line":78,"column":22}},"4":{"start":{"line":92,"column":0},"end":{"line":92,"column":16}},"5":{"start":{"line":14,"column":31},"end":{"line":14,"column":33}},"6":{"start":{"line":22,"column":2},"end":{"line":40,"column":3}},"7":{"start":{"line":24,"column":19},"end":{"line":24,"column":35}},"8":{"start":{"line":26,"column":4},"end":{"line":28,"column":5}},"9":{"start":{"line":27,"column":6},"end":{"line":27,"column":18}},"10":{"start":{"line":31,"column":4},"end":{"line":34,"column":5}},"11":{"start":{"line":32,"column":6},"end":{"line":32,"column":30}},"12":{"start":{"line":33,"column":6},"end":{"line":33,"column":18}},"13":{"start":{"line":36,"column":4},"end":{"line":36,"column":24}},"14":{"start":{"line":38,"column":4},"end":{"line":38,"column":60}},"15":{"start":{"line":39,"column":4},"end":{"line":39,"column":16}},"16":{"start":{"line":50,"column":2},"end":{"line":59,"column":3}},"17":{"start":{"line":51,"column":4},"end":{"line":54,"column":6}},"18":{"start":{"line":56,"column":4},"end":{"line":56,"column":53}},"19":{"start":{"line":58,"column":4},"end":{"line":58,"column":60}},"20":{"start":{"line":67,"column":2},"end":{"line":72,"column":3}},"21":{"start":{"line":68,"column":4},"end":{"line":68,"column":28}},"22":{"start":{"line":69,"column":4},"end":{"line":69,"column":45}},"23":{"start":{"line":71,"column":4},"end":{"line":71,"column":63}},"24":{"start":{"line":79,"column":2},"end":{"line":86,"column":3}},"25":{"start":{"line":80,"column":4},"end":{"line":82,"column":7}},"26":{"start":{"line":81,"column":6},"end":{"line":81,"column":30}},"27":{"start":{"line":83,"column":4},"end":{"line":83,"column":33}},"28":{"start":{"line":85,"column":4},"end":{"line":85,"column":47}},"29":{"start":{"line":93,"column":15},"end":{"line":93,"column":39}},"30":{"start":{"line":94,"column":2},"end":{"line":97,"column":4}}},"fnMap":{"0":{"name":"getCachedData","decl":{"start":{"line":21,"column":22},"end":{"line":21,"column":35}},"loc":{"start":{"line":21,"column":47},"end":{"line":41,"column":null}}},"1":{"name":"setCachedData","decl":{"start":{"line":49,"column":22},"end":{"line":49,"column":35}},"loc":{"start":{"line":49,"column":76},"end":{"line":60,"column":null}}},"2":{"name":"deleteCachedData","decl":{"start":{"line":66,"column":22},"end":{"line":66,"column":38}},"loc":{"start":{"line":66,"column":50},"end":{"line":73,"column":null}}},"3":{"name":"clearCache","decl":{"start":{"line":78,"column":22},"end":{"line":78,"column":32}},"loc":{"start":{"line":78,"column":32},"end":{"line":87,"column":null}}},"4":{"name":"(anonymous_15)","decl":{"start":{"line":80,"column":37},"end":{"line":80,"column":38}},"loc":{"start":{"line":80,"column":45},"end":{"line":82,"column":5}}},"5":{"name":"getCacheStats","decl":{"start":{"line":92,"column":16},"end":{"line":92,"column":29}},"loc":{"start":{"line":92,"column":29},"end":{"line":98,"column":1}}}},"branchMap":{"0":{"loc":{"start":{"line":26,"column":4},"end":{"line":28,"column":5}},"type":"if","locations":[{"start":{"line":26,"column":4},"end":{"line":28,"column":5}}]},"1":{"loc":{"start":{"line":31,"column":4},"end":{"line":34,"column":5}},"type":"if","locations":[{"start":{"line":31,"column":4},"end":{"line":34,"column":5}}]}},"s":{"0":1,"1":1,"2":1,"3":1,"4":1,"5":1,"6":0,"7":0,"8":0,"9":0,"10":0,"11":0,"12":0,"13":0,"14":0,"15":0,"16":0,"17":0,"18":0,"19":0,"20":0,"21":0,"22":0,"23":0,"24":0,"25":0,"26":0,"27":0,"28":0,"29":0,"30":0},"f":{"0":0,"1":0,"2":0,"3":0,"4":0,"5":0},"b":{"0":[0],"1":[0]}}
,"C:\\Users\\Aaron Sequeira\\Roneira-AI-HIFI\\backend\\src\\utils\\logger.ts": {"path":"C:\\Users\\Aaron Sequeira\\Roneira-AI-HIFI\\backend\\src\\utils\\logger.ts","statementMap":{"0":{"start":{"line":1,"column":0},"end":{"line":1,"column":30}},"1":{"start":{"line":3,"column":15},"end":{"line":11,"column":2}},"2":{"start":{"line":13,"column":0},"end":{"line":16,"column":1}},"3":{"start":{"line":14,"column":2},"end":{"line":14,"column":85}},"4":{"start":{"line":15,"column":2},"end":{"line":15,"column":72}},"5":{"start":{"line":18,"column":0},"end":{"line":18,"column":22}}},"fnMap":{},"branchMap":{"0":{"loc":{"start":{"line":13,"column":0},"end":{"line":16,"column":1}},"type":"if","locations":[{"start":{"line":13,"column":0},"end":{"line":16,"column":1}}]}},"s":{"0":1,"1":1,"2":1,"3":1,"4":1,"5":1},"f":{},"b":{"0":[1]}}
,"C:\\Users\\Aaron Sequeira\\Roneira-AI-HIFI\\backend\\src\\utils\\response.ts": {"path":"C:\\Users\\Aaron Sequeira\\Roneira-AI-HIFI\\backend\\src\\utils\\response.ts","statementMap":{"0":{"start":{"line":10,"column":27},"end":{"line":17,"column":1}},"1":{"start":{"line":11,"column":35},"end":{"line":15,"column":4}},"2":{"start":{"line":16,"column":2},"end":{"line":16,"column":40}},"3":{"start":{"line":10,"column":13},"end":{"line":10,"column":27}},"4":{"start":{"line":19,"column":25},"end":{"line":26,"column":1}},"5":{"start":{"line":20,"column":38},"end":{"line":24,"column":4}},"6":{"start":{"line":25,"column":2},"end":{"line":25,"column":40}},"7":{"start":{"line":19,"column":13},"end":{"line":19,"column":25}}},"fnMap":{"0":{"name":"(anonymous_0)","decl":{"start":{"line":10,"column":27},"end":{"line":10,"column":31}},"loc":{"start":{"line":10,"column":81},"end":{"line":17,"column":1}}},"1":{"name":"(anonymous_1)","decl":{"start":{"line":19,"column":25},"end":{"line":19,"column":26}},"loc":{"start":{"line":19,"column":82},"end":{"line":26,"column":1}}}},"branchMap":{"0":{"loc":{"start":{"line":10,"column":55},"end":{"line":10,"column":71}},"type":"default-arg","locations":[{"start":{"line":10,"column":68},"end":{"line":10,"column":71}}]},"1":{"loc":{"start":{"line":19,"column":56},"end":{"line":19,"column":72}},"type":"default-arg","locations":[{"start":{"line":19,"column":69},"end":{"line":19,"column":72}}]}},"s":{"0":1,"1":1,"2":1,"3":1,"4":1,"5":0,"6":0,"7":1},"f":{"0":1,"1":0},"b":{"0":[1],"1":[0]}}
}
