TN:
SF:src\server.ts
FN:66,(anonymous_8)
FN:81,(anonymous_9)
FN:91,(anonymous_10)
FN:99,(anonymous_11)
FN:130,(anonymous_12)
FN:152,(anonymous_13)
FN:155,(anonymous_14)
FN:160,(anonymous_15)
FN:165,(anonymous_16)
FN:196,(anonymous_18)
FN:230,(anonymous_19)
FN:270,(anonymous_21)
FN:297,(anonymous_23)
FN:298,(anonymous_24)
FN:326,(anonymous_25)
FN:344,(anonymous_27)
FN:373,(anonymous_29)
FN:385,(anonymous_30)
FN:394,(anonymous_31)
FN:430,(anonymous_32)
FN:445,(anonymous_33)
FN:449,(anonymous_34)
FN:462,(anonymous_35)
FN:463,(anonymous_36)
FN:468,(anonymous_37)
FN:469,(anonymous_38)
FN:472,(anonymous_39)
FN:475,(anonymous_40)
FN:492,(anonymous_41)
FNF:29
FNH:7
FNDA:1,(anonymous_8)
FNDA:1,(anonymous_9)
FNDA:1,(anonymous_10)
FNDA:0,(anonymous_11)
FNDA:1,(anonymous_12)
FNDA:0,(anonymous_13)
FNDA:0,(anonymous_14)
FNDA:1,(anonymous_15)
FNDA:1,(anonymous_16)
FNDA:0,(anonymous_18)
FNDA:0,(anonymous_19)
FNDA:0,(anonymous_21)
FNDA:0,(anonymous_23)
FNDA:0,(anonymous_24)
FNDA:0,(anonymous_25)
FNDA:0,(anonymous_27)
FNDA:0,(anonymous_29)
FNDA:0,(anonymous_30)
FNDA:0,(anonymous_31)
FNDA:0,(anonymous_32)
FNDA:0,(anonymous_33)
FNDA:0,(anonymous_34)
FNDA:0,(anonymous_35)
FNDA:0,(anonymous_36)
FNDA:0,(anonymous_37)
FNDA:0,(anonymous_38)
FNDA:0,(anonymous_39)
FNDA:0,(anonymous_40)
FNDA:1,(anonymous_41)
DA:15,1
DA:16,1
DA:17,1
DA:18,1
DA:19,1
DA:20,1
DA:21,1
DA:22,1
DA:23,1
DA:24,1
DA:25,1
DA:26,1
DA:29,1
DA:67,1
DA:68,1
DA:69,1
DA:70,1
DA:71,1
DA:72,1
DA:82,1
DA:83,1
DA:84,1
DA:86,1
DA:87,1
DA:88,1
DA:92,1
DA:93,1
DA:95,1
DA:96,0
DA:99,0
DA:105,1
DA:114,1
DA:125,1
DA:126,1
DA:127,1
DA:131,1
DA:132,1
DA:135,1
DA:138,1
DA:144,1
DA:145,1
DA:146,1
DA:147,1
DA:148,1
DA:152,1
DA:153,0
DA:155,1
DA:156,0
DA:161,1
DA:162,1
DA:166,1
DA:167,1
DA:168,1
DA:169,1
DA:173,0
DA:175,1
DA:178,1
DA:180,1
DA:189,1
DA:191,0
DA:192,0
DA:197,0
DA:227,0
DA:231,0
DA:232,0
DA:233,0
DA:234,0
DA:237,0
DA:238,0
DA:239,0
DA:240,0
DA:241,0
DA:243,0
DA:247,0
DA:263,0
DA:265,0
DA:266,0
DA:271,0
DA:272,0
DA:274,0
DA:279,0
DA:284,0
DA:287,0
DA:288,0
DA:293,0
DA:296,0
DA:297,0
DA:298,0
DA:300,0
DA:315,0
DA:321,0
DA:322,0
DA:327,0
DA:328,0
DA:333,0
DA:339,0
DA:340,0
DA:345,0
DA:346,0
DA:347,0
DA:348,0
DA:350,0
DA:356,0
DA:362,0
DA:363,0
DA:368,1
DA:374,0
DA:375,0
DA:377,0
DA:386,0
DA:387,0
DA:389,0
DA:390,0
DA:393,0
DA:394,0
DA:396,0
DA:397,0
DA:399,0
DA:400,0
DA:402,0
DA:404,0
DA:411,0
DA:417,0
DA:418,0
DA:421,0
DA:431,0
DA:432,0
DA:433,0
DA:434,0
DA:435,0
DA:441,0
DA:446,0
DA:455,0
DA:456,0
DA:457,0
DA:459,0
DA:463,0
DA:464,0
DA:465,0
DA:468,0
DA:469,0
DA:473,0
DA:475,0
DA:476,0
DA:477,0
DA:478,0
DA:479,0
DA:480,0
DA:481,0
DA:482,0
DA:483,0
DA:486,0
DA:487,0
DA:488,0
DA:493,1
DA:498,1
DA:499,0
DA:500,0
DA:503,1
LF:159
LH:58
BRDA:67,0,0,1
BRDA:67,0,1,0
BRDA:68,1,0,1
BRDA:68,1,1,0
BRDA:69,2,0,1
BRDA:69,2,1,0
BRDA:70,3,0,1
BRDA:70,3,1,0
BRDA:95,4,0,0
BRDA:173,5,0,0
BRDA:173,5,1,0
BRDA:232,6,0,0
BRDA:240,7,0,0
BRDA:240,7,1,0
BRDA:274,8,0,0
BRDA:275,9,0,0
BRDA:275,9,1,0
BRDA:275,9,2,0
BRDA:287,10,0,0
BRDA:347,11,0,0
BRDA:347,11,1,0
BRDA:348,12,0,0
BRDA:348,12,1,0
BRDA:375,13,0,0
BRDA:375,13,1,0
BRDA:389,14,0,0
BRDA:396,15,0,0
BRDA:396,15,1,0
BRDA:397,16,0,0
BRDA:397,16,1,0
BRDA:417,17,0,0
BRDA:417,18,0,0
BRDA:417,18,1,0
BRDA:431,19,0,0
BRDA:431,19,1,0
BRDA:431,20,0,0
BRDA:431,20,1,0
BRDA:433,21,0,0
BRDA:433,21,1,0
BRDA:437,22,0,0
BRDA:437,22,1,0
BRDA:437,23,0,0
BRDA:437,23,1,0
BRDA:437,24,0,0
BRDA:437,24,1,0
BRDA:438,25,0,0
BRDA:438,25,1,0
BRDA:456,26,0,0
BRDA:498,27,0,0
BRF:49
BRH:4
end_of_record
TN:
SF:src\routes\marketRoutes.ts
FN:37,(anonymous_8)
FN:37,(anonymous_9)
FN:94,(anonymous_10)
FN:94,(anonymous_11)
FN:126,(anonymous_12)
FN:131,(anonymous_13)
FN:173,(anonymous_14)
FN:173,(anonymous_15)
FN:205,(anonymous_16)
FN:205,(anonymous_17)
FNF:10
FNH:0
FNDA:0,(anonymous_8)
FNDA:0,(anonymous_9)
FNDA:0,(anonymous_10)
FNDA:0,(anonymous_11)
FNDA:0,(anonymous_12)
FNDA:0,(anonymous_13)
FNDA:0,(anonymous_14)
FNDA:0,(anonymous_15)
FNDA:0,(anonymous_16)
FNDA:0,(anonymous_17)
DA:1,1
DA:2,1
DA:3,1
DA:5,1
DA:7,1
DA:8,1
DA:21,1
DA:37,1
DA:38,0
DA:41,0
DA:42,0
DA:43,0
DA:44,0
DA:47,0
DA:48,0
DA:49,0
DA:58,0
DA:60,0
DA:61,0
DA:62,0
DA:65,0
DA:66,0
DA:67,0
DA:68,0
DA:70,0
DA:80,0
DA:81,0
DA:83,0
DA:85,0
DA:86,0
DA:94,1
DA:95,0
DA:98,0
DA:99,0
DA:100,0
DA:101,0
DA:108,0
DA:109,0
DA:112,0
DA:115,0
DA:117,0
DA:118,0
DA:119,0
DA:120,0
DA:124,0
DA:125,0
DA:126,0
DA:131,0
DA:132,0
DA:133,0
DA:135,0
DA:136,0
DA:137,0
DA:138,0
DA:139,0
DA:141,0
DA:151,0
DA:152,0
DA:154,0
DA:160,0
DA:161,0
DA:173,1
DA:174,0
DA:175,0
DA:176,0
DA:178,0
DA:180,0
DA:181,0
DA:187,0
DA:193,0
DA:194,0
DA:205,1
DA:206,0
DA:209,0
DA:220,0
DA:221,0
DA:228,1
LF:77
LH:12
BRDA:7,0,0,1
BRDA:7,0,1,1
BRDA:42,1,0,0
BRDA:60,2,0,0
BRDA:60,3,0,0
BRDA:60,3,1,0
BRDA:65,4,0,0
BRDA:65,4,1,0
BRDA:66,5,0,0
BRDA:66,5,1,0
BRDA:67,6,0,0
BRDA:67,6,1,0
BRDA:68,7,0,0
BRDA:68,7,1,0
BRDA:72,8,0,0
BRDA:72,8,1,0
BRDA:99,9,0,0
BRDA:119,10,0,0
BRDA:124,11,0,0
BRDA:133,12,0,0
BRDA:133,12,1,0
BRDA:136,13,0,0
BRDA:136,13,1,0
BRDA:137,14,0,0
BRDA:137,14,1,0
BRDA:138,15,0,0
BRDA:138,15,1,0
BRDA:180,16,0,0
BRF:28
BRH:2
end_of_record
TN:
SF:src\services\cacheService.ts
FN:21,getCachedData
FN:49,setCachedData
FN:66,deleteCachedData
FN:78,clearCache
FN:80,(anonymous_15)
FN:92,getCacheStats
FNF:6
FNH:0
FNDA:0,getCachedData
FNDA:0,setCachedData
FNDA:0,deleteCachedData
FNDA:0,clearCache
FNDA:0,(anonymous_15)
FNDA:0,getCacheStats
DA:14,1
DA:21,1
DA:22,0
DA:24,0
DA:26,0
DA:27,0
DA:31,0
DA:32,0
DA:33,0
DA:36,0
DA:38,0
DA:39,0
DA:49,1
DA:50,0
DA:51,0
DA:56,0
DA:58,0
DA:66,1
DA:67,0
DA:68,0
DA:69,0
DA:71,0
DA:78,1
DA:79,0
DA:80,0
DA:81,0
DA:83,0
DA:85,0
DA:92,1
DA:93,0
DA:94,0
LF:31
LH:6
BRDA:26,0,0,0
BRDA:31,1,0,0
BRF:2
BRH:0
end_of_record
TN:
SF:src\utils\logger.ts
FNF:0
FNH:0
DA:1,1
DA:3,1
DA:13,1
DA:14,1
DA:15,1
DA:18,1
LF:6
LH:6
BRDA:13,0,0,1
BRF:1
BRH:1
end_of_record
TN:
SF:src\utils\response.ts
FN:10,(anonymous_0)
FN:19,(anonymous_1)
FNF:2
FNH:1
FNDA:1,(anonymous_0)
FNDA:0,(anonymous_1)
DA:10,1
DA:11,1
DA:16,1
DA:19,1
DA:20,0
DA:25,0
LF:6
LH:4
BRDA:10,0,0,1
BRDA:19,1,0,0
BRF:2
BRH:1
end_of_record
